{"C:\\Users\\s2003\\Documents\\Winter_2026\\PRJ666\\code\\scriptorium-backend\\models\\Badge.js": {"path":"C:\\Users\\s2003\\Documents\\Winter_2026\\PRJ666\\code\\scriptorium-backend\\models\\Badge.js","statementMap":{"0":{"start":{"line":1,"column":17},"end":{"line":1,"column":36}},"1":{"start":{"line":7,"column":20},"end":{"line":39,"column":1}},"2":{"start":{"line":42,"column":0},"end":{"line":42,"column":57}},"3":{"start":{"line":44,"column":0},"end":{"line":44,"column":54}}},"fnMap":{},"branchMap":{},"s":{"0":28,"1":28,"2":28,"3":28},"f":{},"b":{},"_coverageSchema":"1a1c01bbd47fc00a2c39e90264f33305004495a9","hash":"ec4e4effc0ffb5ae25fb661b3deaef0876702729"}
,"C:\\Users\\s2003\\Documents\\Winter_2026\\PRJ666\\code\\scriptorium-backend\\models\\Book.js": {"path":"C:\\Users\\s2003\\Documents\\Winter_2026\\PRJ666\\code\\scriptorium-backend\\models\\Book.js","statementMap":{"0":{"start":{"line":3,"column":17},"end":{"line":3,"column":36}},"1":{"start":{"line":5,"column":19},"end":{"line":43,"column":1}},"2":{"start":{"line":45,"column":0},"end":{"line":45,"column":73}},"3":{"start":{"line":46,"column":0},"end":{"line":46,"column":33}},"4":{"start":{"line":47,"column":0},"end":{"line":47,"column":36}},"5":{"start":{"line":49,"column":0},"end":{"line":49,"column":52}}},"fnMap":{},"branchMap":{},"s":{"0":29,"1":29,"2":29,"3":29,"4":29,"5":29},"f":{},"b":{},"_coverageSchema":"1a1c01bbd47fc00a2c39e90264f33305004495a9","hash":"1e16a392606c6749b361d3a045ffb75d3e2ee52a"}
,"C:\\Users\\s2003\\Documents\\Winter_2026\\PRJ666\\code\\scriptorium-backend\\models\\Bookshelf.js": {"path":"C:\\Users\\s2003\\Documents\\Winter_2026\\PRJ666\\code\\scriptorium-backend\\models\\Bookshelf.js","statementMap":{"0":{"start":{"line":3,"column":17},"end":{"line":3,"column":36}},"1":{"start":{"line":4,"column":0},"end":{"line":4,"column":21}},"2":{"start":{"line":6,"column":24},"end":{"line":16,"column":2}},"3":{"start":{"line":18,"column":0},"end":{"line":18,"column":33}}},"fnMap":{},"branchMap":{},"s":{"0":29,"1":29,"2":29,"3":29},"f":{},"b":{},"_coverageSchema":"1a1c01bbd47fc00a2c39e90264f33305004495a9","hash":"38eb936e1cae5195a970c34f103f7aecd3957a1e"}
,"C:\\Users\\s2003\\Documents\\Winter_2026\\PRJ666\\code\\scriptorium-backend\\models\\Goal.js": {"path":"C:\\Users\\s2003\\Documents\\Winter_2026\\PRJ666\\code\\scriptorium-backend\\models\\Goal.js","statementMap":{"0":{"start":{"line":1,"column":17},"end":{"line":1,"column":36}},"1":{"start":{"line":3,"column":19},"end":{"line":35,"column":24}},"2":{"start":{"line":37,"column":0},"end":{"line":37,"column":52}}},"fnMap":{},"branchMap":{},"s":{"0":2,"1":2,"2":2},"f":{},"b":{},"_coverageSchema":"1a1c01bbd47fc00a2c39e90264f33305004495a9","hash":"dd71bdd6c557282abfcf532f75e2f6a5c1d194e7"}
,"C:\\Users\\s2003\\Documents\\Winter_2026\\PRJ666\\code\\scriptorium-backend\\models\\Movie.js": {"path":"C:\\Users\\s2003\\Documents\\Winter_2026\\PRJ666\\code\\scriptorium-backend\\models\\Movie.js","statementMap":{"0":{"start":{"line":1,"column":17},"end":{"line":1,"column":36}},"1":{"start":{"line":3,"column":20},"end":{"line":61,"column":1}},"2":{"start":{"line":64,"column":0},"end":{"line":64,"column":69}},"3":{"start":{"line":67,"column":0},"end":{"line":67,"column":33}},"4":{"start":{"line":68,"column":0},"end":{"line":68,"column":33}},"5":{"start":{"line":70,"column":0},"end":{"line":70,"column":54}}},"fnMap":{},"branchMap":{},"s":{"0":28,"1":28,"2":28,"3":28,"4":28,"5":28},"f":{},"b":{},"_coverageSchema":"1a1c01bbd47fc00a2c39e90264f33305004495a9","hash":"2ca64c62a874a4888e720ef302d5f81ff018518f"}
,"C:\\Users\\s2003\\Documents\\Winter_2026\\PRJ666\\code\\scriptorium-backend\\models\\Movieshelf.js": {"path":"C:\\Users\\s2003\\Documents\\Winter_2026\\PRJ666\\code\\scriptorium-backend\\models\\Movieshelf.js","statementMap":{"0":{"start":{"line":1,"column":17},"end":{"line":1,"column":36}},"1":{"start":{"line":2,"column":0},"end":{"line":2,"column":22}},"2":{"start":{"line":4,"column":25},"end":{"line":14,"column":2}},"3":{"start":{"line":16,"column":0},"end":{"line":16,"column":34}}},"fnMap":{},"branchMap":{},"s":{"0":28,"1":28,"2":28,"3":28},"f":{},"b":{},"_coverageSchema":"1a1c01bbd47fc00a2c39e90264f33305004495a9","hash":"d87155714bf4ca01a66366e0a522478aad08a14f"}
,"C:\\Users\\s2003\\Documents\\Winter_2026\\PRJ666\\code\\scriptorium-backend\\models\\Music.js": {"path":"C:\\Users\\s2003\\Documents\\Winter_2026\\PRJ666\\code\\scriptorium-backend\\models\\Music.js","statementMap":{"0":{"start":{"line":3,"column":17},"end":{"line":3,"column":36}},"1":{"start":{"line":5,"column":20},"end":{"line":39,"column":1}},"2":{"start":{"line":41,"column":0},"end":{"line":41,"column":60}},"3":{"start":{"line":43,"column":0},"end":{"line":43,"column":54}}},"fnMap":{},"branchMap":{},"s":{"0":29,"1":29,"2":29,"3":29},"f":{},"b":{},"_coverageSchema":"1a1c01bbd47fc00a2c39e90264f33305004495a9","hash":"f928a971f782d56378c40ec011d2b371ef35dea7"}
,"C:\\Users\\s2003\\Documents\\Winter_2026\\PRJ666\\code\\scriptorium-backend\\models\\MusicShelf.js": {"path":"C:\\Users\\s2003\\Documents\\Winter_2026\\PRJ666\\code\\scriptorium-backend\\models\\MusicShelf.js","statementMap":{"0":{"start":{"line":1,"column":17},"end":{"line":1,"column":36}},"1":{"start":{"line":2,"column":0},"end":{"line":2,"column":22}},"2":{"start":{"line":4,"column":25},"end":{"line":14,"column":2}},"3":{"start":{"line":16,"column":0},"end":{"line":16,"column":34}}},"fnMap":{},"branchMap":{},"s":{"0":29,"1":29,"2":29,"3":29},"f":{},"b":{},"_coverageSchema":"1a1c01bbd47fc00a2c39e90264f33305004495a9","hash":"3dee172c8d53bf4d144c5b041bc511071c8d39de"}
,"C:\\Users\\s2003\\Documents\\Winter_2026\\PRJ666\\code\\scriptorium-backend\\models\\Reflection.js": {"path":"C:\\Users\\s2003\\Documents\\Winter_2026\\PRJ666\\code\\scriptorium-backend\\models\\Reflection.js","statementMap":{"0":{"start":{"line":1,"column":17},"end":{"line":1,"column":36}},"1":{"start":{"line":3,"column":23},"end":{"line":19,"column":1}},"2":{"start":{"line":21,"column":25},"end":{"line":72,"column":1}},"3":{"start":{"line":74,"column":0},"end":{"line":74,"column":54}},"4":{"start":{"line":76,"column":0},"end":{"line":86,"column":3}},"5":{"start":{"line":77,"column":2},"end":{"line":85,"column":3}},"6":{"start":{"line":82,"column":4},"end":{"line":84,"column":5}},"7":{"start":{"line":83,"column":6},"end":{"line":83,"column":63}},"8":{"start":{"line":88,"column":0},"end":{"line":88,"column":64}}},"fnMap":{"0":{"name":"(anonymous_0)","decl":{"start":{"line":76,"column":29},"end":{"line":76,"column":30}},"loc":{"start":{"line":76,"column":47},"end":{"line":86,"column":1}},"line":76}},"branchMap":{"0":{"loc":{"start":{"line":77,"column":2},"end":{"line":85,"column":3}},"type":"if","locations":[{"start":{"line":77,"column":2},"end":{"line":85,"column":3}},{"start":{},"end":{}}],"line":77},"1":{"loc":{"start":{"line":78,"column":4},"end":{"line":80,"column":31}},"type":"binary-expr","locations":[{"start":{"line":78,"column":4},"end":{"line":78,"column":17}},{"start":{"line":79,"column":4},"end":{"line":79,"column":33}},{"start":{"line":80,"column":4},"end":{"line":80,"column":31}}],"line":78},"2":{"loc":{"start":{"line":82,"column":4},"end":{"line":84,"column":5}},"type":"if","locations":[{"start":{"line":82,"column":4},"end":{"line":84,"column":5}},{"start":{},"end":{}}],"line":82}},"s":{"0":3,"1":3,"2":3,"3":3,"4":3,"5":3,"6":2,"7":1,"8":3},"f":{"0":3},"b":{"0":[2,1],"1":[3,2,2],"2":[1,1]},"_coverageSchema":"1a1c01bbd47fc00a2c39e90264f33305004495a9","hash":"8cac6ba686bf1afc849996e78b9efb2ad4a21759"}
,"C:\\Users\\s2003\\Documents\\Winter_2026\\PRJ666\\code\\scriptorium-backend\\models\\Streak.js": {"path":"C:\\Users\\s2003\\Documents\\Winter_2026\\PRJ666\\code\\scriptorium-backend\\models\\Streak.js","statementMap":{"0":{"start":{"line":1,"column":17},"end":{"line":1,"column":36}},"1":{"start":{"line":4,"column":21},"end":{"line":28,"column":1}},"2":{"start":{"line":30,"column":0},"end":{"line":30,"column":56}}},"fnMap":{},"branchMap":{},"s":{"0":5,"1":5,"2":5},"f":{},"b":{},"_coverageSchema":"1a1c01bbd47fc00a2c39e90264f33305004495a9","hash":"67ab49c99ee1fdb889e958a35f17b037c1404c7f"}
,"C:\\Users\\s2003\\Documents\\Winter_2026\\PRJ666\\code\\scriptorium-backend\\models\\User.js": {"path":"C:\\Users\\s2003\\Documents\\Winter_2026\\PRJ666\\code\\scriptorium-backend\\models\\User.js","statementMap":{"0":{"start":{"line":1,"column":17},"end":{"line":1,"column":36}},"1":{"start":{"line":2,"column":24},"end":{"line":2,"column":46}},"2":{"start":{"line":3,"column":25},"end":{"line":3,"column":48}},"3":{"start":{"line":4,"column":25},"end":{"line":4,"column":48}},"4":{"start":{"line":6,"column":19},"end":{"line":79,"column":1}},"5":{"start":{"line":81,"column":0},"end":{"line":81,"column":52}}},"fnMap":{},"branchMap":{},"s":{"0":28,"1":28,"2":28,"3":28,"4":28,"5":28},"f":{},"b":{},"_coverageSchema":"1a1c01bbd47fc00a2c39e90264f33305004495a9","hash":"07566b03b8c35b4c28f89dbd0fc4f72afeca4a74"}
,"C:\\Users\\s2003\\Documents\\Winter_2026\\PRJ666\\code\\scriptorium-backend\\models\\Yarn.js": {"path":"C:\\Users\\s2003\\Documents\\Winter_2026\\PRJ666\\code\\scriptorium-backend\\models\\Yarn.js","statementMap":{"0":{"start":{"line":2,"column":17},"end":{"line":2,"column":36}},"1":{"start":{"line":4,"column":19},"end":{"line":21,"column":1}},"2":{"start":{"line":23,"column":0},"end":{"line":23,"column":52}}},"fnMap":{},"branchMap":{},"s":{"0":33,"1":33,"2":33},"f":{},"b":{},"_coverageSchema":"1a1c01bbd47fc00a2c39e90264f33305004495a9","hash":"45707edd0d2353d1f8ae0b548f028de3405835ab"}
,"C:\\Users\\s2003\\Documents\\Winter_2026\\PRJ666\\code\\scriptorium-backend\\routes\\avatars.js": {"path":"C:\\Users\\s2003\\Documents\\Winter_2026\\PRJ666\\code\\scriptorium-backend\\routes\\avatars.js","statementMap":{"0":{"start":{"line":2,"column":16},"end":{"line":2,"column":34}},"1":{"start":{"line":3,"column":15},"end":{"line":3,"column":31}},"2":{"start":{"line":4,"column":29},"end":{"line":4,"column":64}},"3":{"start":{"line":5,"column":22},"end":{"line":5,"column":59}},"4":{"start":{"line":10,"column":0},"end":{"line":18,"column":3}},"5":{"start":{"line":11,"column":2},"end":{"line":17,"column":3}},"6":{"start":{"line":12,"column":17},"end":{"line":12,"column":38}},"7":{"start":{"line":13,"column":18},"end":{"line":13,"column":73}},"8":{"start":{"line":14,"column":4},"end":{"line":14,"column":20}},"9":{"start":{"line":16,"column":4},"end":{"line":16,"column":51}},"10":{"start":{"line":23,"column":0},"end":{"line":43,"column":3}},"11":{"start":{"line":24,"column":2},"end":{"line":42,"column":3}},"12":{"start":{"line":25,"column":17},"end":{"line":25,"column":38}},"13":{"start":{"line":26,"column":20},"end":{"line":26,"column":28}},"14":{"start":{"line":28,"column":4},"end":{"line":28,"column":74}},"15":{"start":{"line":28,"column":14},"end":{"line":28,"column":74}},"16":{"start":{"line":30,"column":19},"end":{"line":30,"column":77}},"17":{"start":{"line":31,"column":4},"end":{"line":31,"column":56}},"18":{"start":{"line":34,"column":6},"end":{"line":40,"column":17}},"19":{"start":{"line":41,"column":4},"end":{"line":41,"column":54}},"20":{"start":{"line":48,"column":0},"end":{"line":66,"column":3}},"21":{"start":{"line":49,"column":2},"end":{"line":65,"column":3}},"22":{"start":{"line":50,"column":17},"end":{"line":50,"column":38}},"23":{"start":{"line":51,"column":20},"end":{"line":51,"column":28}},"24":{"start":{"line":53,"column":4},"end":{"line":53,"column":74}},"25":{"start":{"line":53,"column":14},"end":{"line":53,"column":74}},"26":{"start":{"line":55,"column":19},"end":{"line":55,"column":76}},"27":{"start":{"line":56,"column":4},"end":{"line":56,"column":56}},"28":{"start":{"line":59,"column":6},"end":{"line":63,"column":15}},"29":{"start":{"line":64,"column":4},"end":{"line":64,"column":54}},"30":{"start":{"line":68,"column":0},"end":{"line":68,"column":24}}},"fnMap":{"0":{"name":"(anonymous_0)","decl":{"start":{"line":10,"column":16},"end":{"line":10,"column":17}},"loc":{"start":{"line":10,"column":36},"end":{"line":18,"column":1}},"line":10},"1":{"name":"(anonymous_1)","decl":{"start":{"line":23,"column":23},"end":{"line":23,"column":24}},"loc":{"start":{"line":23,"column":43},"end":{"line":43,"column":1}},"line":23},"2":{"name":"(anonymous_2)","decl":{"start":{"line":48,"column":22},"end":{"line":48,"column":23}},"loc":{"start":{"line":48,"column":42},"end":{"line":66,"column":1}},"line":48}},"branchMap":{"0":{"loc":{"start":{"line":13,"column":53},"end":{"line":13,"column":72}},"type":"binary-expr","locations":[{"start":{"line":13,"column":53},"end":{"line":13,"column":61}},{"start":{"line":13,"column":65},"end":{"line":13,"column":72}}],"line":13},"1":{"loc":{"start":{"line":28,"column":4},"end":{"line":28,"column":74}},"type":"if","locations":[{"start":{"line":28,"column":4},"end":{"line":28,"column":74}},{"start":{},"end":{}}],"line":28},"2":{"loc":{"start":{"line":30,"column":52},"end":{"line":30,"column":71}},"type":"binary-expr","locations":[{"start":{"line":30,"column":52},"end":{"line":30,"column":60}},{"start":{"line":30,"column":64},"end":{"line":30,"column":71}}],"line":30},"3":{"loc":{"start":{"line":34,"column":6},"end":{"line":40,"column":17}},"type":"cond-expr","locations":[{"start":{"line":35,"column":10},"end":{"line":35,"column":13}},{"start":{"line":36,"column":10},"end":{"line":40,"column":17}}],"line":34},"4":{"loc":{"start":{"line":36,"column":10},"end":{"line":40,"column":17}},"type":"cond-expr","locations":[{"start":{"line":37,"column":12},"end":{"line":37,"column":15}},{"start":{"line":38,"column":12},"end":{"line":40,"column":17}}],"line":36},"5":{"loc":{"start":{"line":38,"column":12},"end":{"line":40,"column":17}},"type":"cond-expr","locations":[{"start":{"line":39,"column":14},"end":{"line":39,"column":17}},{"start":{"line":40,"column":14},"end":{"line":40,"column":17}}],"line":38},"6":{"loc":{"start":{"line":53,"column":4},"end":{"line":53,"column":74}},"type":"if","locations":[{"start":{"line":53,"column":4},"end":{"line":53,"column":74}},{"start":{},"end":{}}],"line":53},"7":{"loc":{"start":{"line":55,"column":51},"end":{"line":55,"column":70}},"type":"binary-expr","locations":[{"start":{"line":55,"column":51},"end":{"line":55,"column":59}},{"start":{"line":55,"column":63},"end":{"line":55,"column":70}}],"line":55},"8":{"loc":{"start":{"line":59,"column":6},"end":{"line":63,"column":15}},"type":"cond-expr","locations":[{"start":{"line":60,"column":10},"end":{"line":60,"column":13}},{"start":{"line":61,"column":10},"end":{"line":63,"column":15}}],"line":59},"9":{"loc":{"start":{"line":61,"column":10},"end":{"line":63,"column":15}},"type":"cond-expr","locations":[{"start":{"line":62,"column":12},"end":{"line":62,"column":15}},{"start":{"line":63,"column":12},"end":{"line":63,"column":15}}],"line":61}},"s":{"0":1,"1":1,"2":1,"3":1,"4":1,"5":2,"6":2,"7":1,"8":1,"9":1,"10":1,"11":6,"12":6,"13":6,"14":6,"15":1,"16":5,"17":1,"18":4,"19":4,"20":1,"21":5,"22":5,"23":5,"24":5,"25":1,"26":4,"27":1,"28":3,"29":3,"30":1},"f":{"0":2,"1":6,"2":5},"b":{"0":[1,0],"1":[1,5],"2":[5,0],"3":[1,3],"4":[1,2],"5":[1,1],"6":[1,4],"7":[4,0],"8":[1,2],"9":[1,1]},"_coverageSchema":"1a1c01bbd47fc00a2c39e90264f33305004495a9","hash":"6c563d78a0f5bf004ae46b38aeef1b26a3b230d4"}
,"C:\\Users\\s2003\\Documents\\Winter_2026\\PRJ666\\code\\scriptorium-backend\\routes\\badges.js": {"path":"C:\\Users\\s2003\\Documents\\Winter_2026\\PRJ666\\code\\scriptorium-backend\\routes\\badges.js","statementMap":{"0":{"start":{"line":1,"column":16},"end":{"line":1,"column":34}},"1":{"start":{"line":2,"column":15},"end":{"line":2,"column":31}},"2":{"start":{"line":3,"column":29},"end":{"line":3,"column":64}},"3":{"start":{"line":4,"column":21},"end":{"line":4,"column":57}},"4":{"start":{"line":8,"column":0},"end":{"line":16,"column":3}},"5":{"start":{"line":9,"column":2},"end":{"line":15,"column":3}},"6":{"start":{"line":10,"column":17},"end":{"line":10,"column":38}},"7":{"start":{"line":11,"column":19},"end":{"line":11,"column":64}},"8":{"start":{"line":12,"column":4},"end":{"line":12,"column":47}},"9":{"start":{"line":14,"column":4},"end":{"line":14,"column":51}},"10":{"start":{"line":20,"column":0},"end":{"line":27,"column":3}},"11":{"start":{"line":21,"column":2},"end":{"line":26,"column":3}},"12":{"start":{"line":22,"column":22},"end":{"line":22,"column":60}},"13":{"start":{"line":23,"column":4},"end":{"line":23,"column":28}},"14":{"start":{"line":25,"column":4},"end":{"line":25,"column":51}},"15":{"start":{"line":33,"column":0},"end":{"line":47,"column":3}},"16":{"start":{"line":34,"column":2},"end":{"line":46,"column":3}},"17":{"start":{"line":35,"column":17},"end":{"line":35,"column":38}},"18":{"start":{"line":36,"column":20},"end":{"line":36,"column":28}},"19":{"start":{"line":37,"column":4},"end":{"line":37,"column":74}},"20":{"start":{"line":37,"column":14},"end":{"line":37,"column":74}},"21":{"start":{"line":39,"column":18},"end":{"line":39,"column":62}},"22":{"start":{"line":40,"column":4},"end":{"line":42,"column":5}},"23":{"start":{"line":41,"column":6},"end":{"line":41,"column":78}},"24":{"start":{"line":43,"column":4},"end":{"line":43,"column":50}},"25":{"start":{"line":45,"column":4},"end":{"line":45,"column":51}},"26":{"start":{"line":49,"column":0},"end":{"line":49,"column":24}}},"fnMap":{"0":{"name":"(anonymous_0)","decl":{"start":{"line":8,"column":16},"end":{"line":8,"column":17}},"loc":{"start":{"line":8,"column":36},"end":{"line":16,"column":1}},"line":8},"1":{"name":"(anonymous_1)","decl":{"start":{"line":20,"column":25},"end":{"line":20,"column":26}},"loc":{"start":{"line":20,"column":45},"end":{"line":27,"column":1}},"line":20},"2":{"name":"(anonymous_2)","decl":{"start":{"line":33,"column":22},"end":{"line":33,"column":23}},"loc":{"start":{"line":33,"column":42},"end":{"line":47,"column":1}},"line":33}},"branchMap":{"0":{"loc":{"start":{"line":37,"column":4},"end":{"line":37,"column":74}},"type":"if","locations":[{"start":{"line":37,"column":4},"end":{"line":37,"column":74}},{"start":{},"end":{}}],"line":37},"1":{"loc":{"start":{"line":40,"column":4},"end":{"line":42,"column":5}},"type":"if","locations":[{"start":{"line":40,"column":4},"end":{"line":42,"column":5}},{"start":{},"end":{}}],"line":40}},"s":{"0":1,"1":1,"2":1,"3":1,"4":1,"5":2,"6":2,"7":1,"8":1,"9":1,"10":1,"11":2,"12":2,"13":1,"14":1,"15":1,"16":4,"17":4,"18":4,"19":4,"20":1,"21":3,"22":2,"23":1,"24":1,"25":1,"26":1},"f":{"0":2,"1":2,"2":4},"b":{"0":[1,3],"1":[1,1]},"_coverageSchema":"1a1c01bbd47fc00a2c39e90264f33305004495a9","hash":"0bdfb58bb79648d6d39810ca945647b595827b39"}
,"C:\\Users\\s2003\\Documents\\Winter_2026\\PRJ666\\code\\scriptorium-backend\\routes\\books.js": {"path":"C:\\Users\\s2003\\Documents\\Winter_2026\\PRJ666\\code\\scriptorium-backend\\routes\\books.js","statementMap":{"0":{"start":{"line":3,"column":16},"end":{"line":3,"column":34}},"1":{"start":{"line":4,"column":15},"end":{"line":4,"column":31}},"2":{"start":{"line":5,"column":14},"end":{"line":5,"column":30}},"3":{"start":{"line":6,"column":12},"end":{"line":6,"column":35}},"4":{"start":{"line":7,"column":29},"end":{"line":7,"column":64}},"5":{"start":{"line":9,"column":21},"end":{"line":9,"column":56}},"6":{"start":{"line":12,"column":0},"end":{"line":64,"column":3}},"7":{"start":{"line":13,"column":38},"end":{"line":13,"column":47}},"8":{"start":{"line":15,"column":2},"end":{"line":19,"column":3}},"9":{"start":{"line":16,"column":4},"end":{"line":18,"column":63}},"10":{"start":{"line":21,"column":2},"end":{"line":63,"column":3}},"11":{"start":{"line":22,"column":19},"end":{"line":22,"column":40}},"12":{"start":{"line":24,"column":24},"end":{"line":24,"column":36}},"13":{"start":{"line":25,"column":22},"end":{"line":25,"column":49}},"14":{"start":{"line":26,"column":23},"end":{"line":26,"column":52}},"15":{"start":{"line":28,"column":16},"end":{"line":30,"column":70}},"16":{"start":{"line":32,"column":21},"end":{"line":32,"column":41}},"17":{"start":{"line":35,"column":6},"end":{"line":51,"column":14}},"18":{"start":{"line":36,"column":21},"end":{"line":36,"column":36}},"19":{"start":{"line":37,"column":8},"end":{"line":50,"column":10}},"20":{"start":{"line":53,"column":4},"end":{"line":57,"column":7}},"21":{"start":{"line":59,"column":4},"end":{"line":59,"column":58}},"22":{"start":{"line":60,"column":4},"end":{"line":62,"column":71}},"23":{"start":{"line":69,"column":0},"end":{"line":76,"column":3}},"24":{"start":{"line":70,"column":2},"end":{"line":75,"column":3}},"25":{"start":{"line":71,"column":17},"end":{"line":71,"column":54}},"26":{"start":{"line":72,"column":4},"end":{"line":72,"column":19}},"27":{"start":{"line":74,"column":4},"end":{"line":74,"column":51}},"28":{"start":{"line":79,"column":0},"end":{"line":88,"column":3}},"29":{"start":{"line":80,"column":2},"end":{"line":87,"column":3}},"30":{"start":{"line":81,"column":17},"end":{"line":81,"column":38}},"31":{"start":{"line":83,"column":20},"end":{"line":83,"column":66}},"32":{"start":{"line":84,"column":4},"end":{"line":84,"column":22}},"33":{"start":{"line":86,"column":4},"end":{"line":86,"column":51}},"34":{"start":{"line":91,"column":0},"end":{"line":101,"column":3}},"35":{"start":{"line":92,"column":2},"end":{"line":100,"column":3}},"36":{"start":{"line":93,"column":17},"end":{"line":93,"column":38}},"37":{"start":{"line":94,"column":18},"end":{"line":94,"column":34}},"38":{"start":{"line":96,"column":18},"end":{"line":96,"column":66}},"39":{"start":{"line":97,"column":4},"end":{"line":97,"column":20}},"40":{"start":{"line":99,"column":4},"end":{"line":99,"column":51}},"41":{"start":{"line":104,"column":0},"end":{"line":111,"column":3}},"42":{"start":{"line":105,"column":2},"end":{"line":110,"column":3}},"43":{"start":{"line":106,"column":17},"end":{"line":106,"column":62}},"44":{"start":{"line":107,"column":4},"end":{"line":107,"column":19}},"45":{"start":{"line":109,"column":4},"end":{"line":109,"column":51}},"46":{"start":{"line":114,"column":0},"end":{"line":147,"column":3}},"47":{"start":{"line":115,"column":2},"end":{"line":146,"column":3}},"48":{"start":{"line":116,"column":17},"end":{"line":116,"column":38}},"49":{"start":{"line":117,"column":35},"end":{"line":117,"column":43}},"50":{"start":{"line":119,"column":4},"end":{"line":121,"column":5}},"51":{"start":{"line":120,"column":6},"end":{"line":120,"column":68}},"52":{"start":{"line":123,"column":4},"end":{"line":127,"column":5}},"53":{"start":{"line":124,"column":6},"end":{"line":126,"column":9}},"54":{"start":{"line":130,"column":15},"end":{"line":130,"column":77}},"55":{"start":{"line":130,"column":72},"end":{"line":130,"column":76}},"56":{"start":{"line":132,"column":4},"end":{"line":134,"column":5}},"57":{"start":{"line":133,"column":6},"end":{"line":133,"column":51}},"58":{"start":{"line":137,"column":19},"end":{"line":137,"column":79}},"59":{"start":{"line":139,"column":4},"end":{"line":143,"column":7}},"60":{"start":{"line":145,"column":4},"end":{"line":145,"column":51}},"61":{"start":{"line":150,"column":0},"end":{"line":173,"column":3}},"62":{"start":{"line":151,"column":2},"end":{"line":172,"column":3}},"63":{"start":{"line":152,"column":17},"end":{"line":152,"column":38}},"64":{"start":{"line":154,"column":30},"end":{"line":154,"column":38}},"65":{"start":{"line":156,"column":4},"end":{"line":160,"column":5}},"66":{"start":{"line":157,"column":6},"end":{"line":159,"column":9}},"67":{"start":{"line":162,"column":19},"end":{"line":166,"column":5}},"68":{"start":{"line":168,"column":4},"end":{"line":168,"column":21}},"69":{"start":{"line":170,"column":4},"end":{"line":170,"column":54}},"70":{"start":{"line":171,"column":4},"end":{"line":171,"column":51}},"71":{"start":{"line":176,"column":0},"end":{"line":245,"column":3}},"72":{"start":{"line":177,"column":2},"end":{"line":244,"column":3}},"73":{"start":{"line":187,"column":8},"end":{"line":187,"column":17}},"74":{"start":{"line":189,"column":19},"end":{"line":189,"column":40}},"75":{"start":{"line":191,"column":23},"end":{"line":191,"column":25}},"76":{"start":{"line":193,"column":4},"end":{"line":193,"column":30}},"77":{"start":{"line":193,"column":11},"end":{"line":193,"column":30}},"78":{"start":{"line":194,"column":4},"end":{"line":194,"column":51}},"79":{"start":{"line":194,"column":15},"end":{"line":194,"column":51}},"80":{"start":{"line":195,"column":4},"end":{"line":195,"column":54}},"81":{"start":{"line":195,"column":16},"end":{"line":195,"column":54}},"82":{"start":{"line":196,"column":4},"end":{"line":196,"column":57}},"83":{"start":{"line":196,"column":18},"end":{"line":196,"column":57}},"84":{"start":{"line":197,"column":4},"end":{"line":197,"column":63}},"85":{"start":{"line":197,"column":19},"end":{"line":197,"column":63}},"86":{"start":{"line":199,"column":4},"end":{"line":203,"column":5}},"87":{"start":{"line":200,"column":6},"end":{"line":202,"column":9}},"88":{"start":{"line":205,"column":23},"end":{"line":205,"column":41}},"89":{"start":{"line":207,"column":16},"end":{"line":209,"column":85}},"90":{"start":{"line":211,"column":21},"end":{"line":211,"column":41}},"91":{"start":{"line":214,"column":6},"end":{"line":231,"column":14}},"92":{"start":{"line":215,"column":21},"end":{"line":215,"column":36}},"93":{"start":{"line":217,"column":8},"end":{"line":230,"column":10}},"94":{"start":{"line":233,"column":4},"end":{"line":237,"column":7}},"95":{"start":{"line":239,"column":4},"end":{"line":239,"column":70}},"96":{"start":{"line":241,"column":4},"end":{"line":243,"column":7}},"97":{"start":{"line":247,"column":0},"end":{"line":247,"column":24}}},"fnMap":{"0":{"name":"(anonymous_0)","decl":{"start":{"line":12,"column":22},"end":{"line":12,"column":23}},"loc":{"start":{"line":12,"column":42},"end":{"line":64,"column":1}},"line":12},"1":{"name":"(anonymous_1)","decl":{"start":{"line":35,"column":31},"end":{"line":35,"column":32}},"loc":{"start":{"line":35,"column":41},"end":{"line":51,"column":7}},"line":35},"2":{"name":"(anonymous_2)","decl":{"start":{"line":69,"column":17},"end":{"line":69,"column":18}},"loc":{"start":{"line":69,"column":37},"end":{"line":76,"column":1}},"line":69},"3":{"name":"(anonymous_3)","decl":{"start":{"line":79,"column":21},"end":{"line":79,"column":22}},"loc":{"start":{"line":79,"column":41},"end":{"line":88,"column":1}},"line":79},"4":{"name":"(anonymous_4)","decl":{"start":{"line":91,"column":28},"end":{"line":91,"column":29}},"loc":{"start":{"line":91,"column":48},"end":{"line":101,"column":1}},"line":91},"5":{"name":"(anonymous_5)","decl":{"start":{"line":104,"column":19},"end":{"line":104,"column":20}},"loc":{"start":{"line":104,"column":39},"end":{"line":111,"column":1}},"line":104},"6":{"name":"(anonymous_6)","decl":{"start":{"line":114,"column":26},"end":{"line":114,"column":27}},"loc":{"start":{"line":114,"column":46},"end":{"line":147,"column":1}},"line":114},"7":{"name":"(anonymous_7)","decl":{"start":{"line":130,"column":66},"end":{"line":130,"column":67}},"loc":{"start":{"line":130,"column":72},"end":{"line":130,"column":76}},"line":130},"8":{"name":"(anonymous_8)","decl":{"start":{"line":150,"column":29},"end":{"line":150,"column":30}},"loc":{"start":{"line":150,"column":49},"end":{"line":173,"column":1}},"line":150},"9":{"name":"(anonymous_9)","decl":{"start":{"line":176,"column":31},"end":{"line":176,"column":32}},"loc":{"start":{"line":176,"column":51},"end":{"line":245,"column":1}},"line":176},"10":{"name":"(anonymous_10)","decl":{"start":{"line":214,"column":31},"end":{"line":214,"column":32}},"loc":{"start":{"line":214,"column":41},"end":{"line":231,"column":7}},"line":214}},"branchMap":{"0":{"loc":{"start":{"line":13,"column":13},"end":{"line":13,"column":21}},"type":"default-arg","locations":[{"start":{"line":13,"column":20},"end":{"line":13,"column":21}}],"line":13},"1":{"loc":{"start":{"line":13,"column":23},"end":{"line":13,"column":33}},"type":"default-arg","locations":[{"start":{"line":13,"column":31},"end":{"line":13,"column":33}}],"line":13},"2":{"loc":{"start":{"line":15,"column":2},"end":{"line":19,"column":3}},"type":"if","locations":[{"start":{"line":15,"column":2},"end":{"line":19,"column":3}},{"start":{},"end":{}}],"line":15},"3":{"loc":{"start":{"line":35,"column":6},"end":{"line":51,"column":14}},"type":"binary-expr","locations":[{"start":{"line":35,"column":6},"end":{"line":51,"column":8}},{"start":{"line":51,"column":12},"end":{"line":51,"column":14}}],"line":35},"4":{"loc":{"start":{"line":41,"column":19},"end":{"line":41,"column":37}},"type":"binary-expr","locations":[{"start":{"line":41,"column":19},"end":{"line":41,"column":31}},{"start":{"line":41,"column":35},"end":{"line":41,"column":37}}],"line":41},"5":{"loc":{"start":{"line":48,"column":22},"end":{"line":48,"column":43}},"type":"binary-expr","locations":[{"start":{"line":48,"column":22},"end":{"line":48,"column":37}},{"start":{"line":48,"column":41},"end":{"line":48,"column":43}}],"line":48},"6":{"loc":{"start":{"line":49,"column":22},"end":{"line":49,"column":43}},"type":"binary-expr","locations":[{"start":{"line":49,"column":22},"end":{"line":49,"column":37}},{"start":{"line":49,"column":41},"end":{"line":49,"column":43}}],"line":49},"7":{"loc":{"start":{"line":54,"column":20},"end":{"line":54,"column":49}},"type":"binary-expr","locations":[{"start":{"line":54,"column":20},"end":{"line":54,"column":44}},{"start":{"line":54,"column":48},"end":{"line":54,"column":49}}],"line":54},"8":{"loc":{"start":{"line":119,"column":4},"end":{"line":121,"column":5}},"type":"if","locations":[{"start":{"line":119,"column":4},"end":{"line":121,"column":5}},{"start":{},"end":{}}],"line":119},"9":{"loc":{"start":{"line":123,"column":4},"end":{"line":127,"column":5}},"type":"if","locations":[{"start":{"line":123,"column":4},"end":{"line":127,"column":5}},{"start":{},"end":{}}],"line":123},"10":{"loc":{"start":{"line":123,"column":8},"end":{"line":123,"column":40}},"type":"binary-expr","locations":[{"start":{"line":123,"column":8},"end":{"line":123,"column":21}},{"start":{"line":123,"column":25},"end":{"line":123,"column":40}}],"line":123},"11":{"loc":{"start":{"line":132,"column":4},"end":{"line":134,"column":5}},"type":"if","locations":[{"start":{"line":132,"column":4},"end":{"line":134,"column":5}},{"start":{},"end":{}}],"line":132},"12":{"loc":{"start":{"line":156,"column":4},"end":{"line":160,"column":5}},"type":"if","locations":[{"start":{"line":156,"column":4},"end":{"line":160,"column":5}},{"start":{},"end":{}}],"line":156},"13":{"loc":{"start":{"line":156,"column":8},"end":{"line":156,"column":25}},"type":"binary-expr","locations":[{"start":{"line":156,"column":8},"end":{"line":156,"column":15}},{"start":{"line":156,"column":19},"end":{"line":156,"column":25}}],"line":156},"14":{"loc":{"start":{"line":184,"column":6},"end":{"line":184,"column":14}},"type":"default-arg","locations":[{"start":{"line":184,"column":13},"end":{"line":184,"column":14}}],"line":184},"15":{"loc":{"start":{"line":185,"column":6},"end":{"line":185,"column":16}},"type":"default-arg","locations":[{"start":{"line":185,"column":14},"end":{"line":185,"column":16}}],"line":185},"16":{"loc":{"start":{"line":186,"column":6},"end":{"line":186,"column":27}},"type":"default-arg","locations":[{"start":{"line":186,"column":16},"end":{"line":186,"column":27}}],"line":186},"17":{"loc":{"start":{"line":193,"column":4},"end":{"line":193,"column":30}},"type":"if","locations":[{"start":{"line":193,"column":4},"end":{"line":193,"column":30}},{"start":{},"end":{}}],"line":193},"18":{"loc":{"start":{"line":194,"column":4},"end":{"line":194,"column":51}},"type":"if","locations":[{"start":{"line":194,"column":4},"end":{"line":194,"column":51}},{"start":{},"end":{}}],"line":194},"19":{"loc":{"start":{"line":195,"column":4},"end":{"line":195,"column":54}},"type":"if","locations":[{"start":{"line":195,"column":4},"end":{"line":195,"column":54}},{"start":{},"end":{}}],"line":195},"20":{"loc":{"start":{"line":196,"column":4},"end":{"line":196,"column":57}},"type":"if","locations":[{"start":{"line":196,"column":4},"end":{"line":196,"column":57}},{"start":{},"end":{}}],"line":196},"21":{"loc":{"start":{"line":197,"column":4},"end":{"line":197,"column":63}},"type":"if","locations":[{"start":{"line":197,"column":4},"end":{"line":197,"column":63}},{"start":{},"end":{}}],"line":197},"22":{"loc":{"start":{"line":199,"column":4},"end":{"line":203,"column":5}},"type":"if","locations":[{"start":{"line":199,"column":4},"end":{"line":203,"column":5}},{"start":{},"end":{}}],"line":199},"23":{"loc":{"start":{"line":214,"column":6},"end":{"line":231,"column":14}},"type":"binary-expr","locations":[{"start":{"line":214,"column":6},"end":{"line":231,"column":8}},{"start":{"line":231,"column":12},"end":{"line":231,"column":14}}],"line":214},"24":{"loc":{"start":{"line":221,"column":19},"end":{"line":221,"column":37}},"type":"binary-expr","locations":[{"start":{"line":221,"column":19},"end":{"line":221,"column":31}},{"start":{"line":221,"column":35},"end":{"line":221,"column":37}}],"line":221},"25":{"loc":{"start":{"line":228,"column":22},"end":{"line":228,"column":43}},"type":"binary-expr","locations":[{"start":{"line":228,"column":22},"end":{"line":228,"column":37}},{"start":{"line":228,"column":41},"end":{"line":228,"column":43}}],"line":228},"26":{"loc":{"start":{"line":229,"column":22},"end":{"line":229,"column":43}},"type":"binary-expr","locations":[{"start":{"line":229,"column":22},"end":{"line":229,"column":37}},{"start":{"line":229,"column":41},"end":{"line":229,"column":43}}],"line":229},"27":{"loc":{"start":{"line":234,"column":20},"end":{"line":234,"column":49}},"type":"binary-expr","locations":[{"start":{"line":234,"column":20},"end":{"line":234,"column":44}},{"start":{"line":234,"column":48},"end":{"line":234,"column":49}}],"line":234}},"s":{"0":1,"1":1,"2":1,"3":1,"4":1,"5":1,"6":1,"7":2,"8":2,"9":1,"10":1,"11":1,"12":1,"13":1,"14":1,"15":1,"16":1,"17":1,"18":1,"19":1,"20":1,"21":0,"22":0,"23":1,"24":1,"25":1,"26":1,"27":0,"28":1,"29":1,"30":1,"31":1,"32":1,"33":0,"34":1,"35":1,"36":1,"37":1,"38":1,"39":1,"40":0,"41":1,"42":1,"43":1,"44":1,"45":0,"46":1,"47":2,"48":2,"49":2,"50":2,"51":1,"52":1,"53":0,"54":1,"55":0,"56":1,"57":0,"58":1,"59":1,"60":0,"61":1,"62":2,"63":2,"64":2,"65":2,"66":1,"67":1,"68":1,"69":0,"70":0,"71":1,"72":3,"73":3,"74":3,"75":3,"76":3,"77":1,"78":3,"79":0,"80":3,"81":1,"82":3,"83":0,"84":3,"85":0,"86":3,"87":1,"88":2,"89":2,"90":2,"91":1,"92":1,"93":1,"94":1,"95":1,"96":1,"97":1},"f":{"0":2,"1":1,"2":1,"3":1,"4":1,"5":1,"6":2,"7":0,"8":2,"9":3,"10":1},"b":{"0":[2],"1":[2],"2":[1,1],"3":[1,0],"4":[1,0],"5":[1,1],"6":[1,1],"7":[1,1],"8":[1,1],"9":[0,1],"10":[1,1],"11":[0,1],"12":[1,1],"13":[2,2],"14":[3],"15":[3],"16":[3],"17":[1,2],"18":[0,3],"19":[1,2],"20":[0,3],"21":[0,3],"22":[1,2],"23":[1,0],"24":[1,0],"25":[1,1],"26":[1,1],"27":[1,0]},"_coverageSchema":"1a1c01bbd47fc00a2c39e90264f33305004495a9","hash":"81c8e348251e5f4562f97042eda29ddc072e4e70"}
,"C:\\Users\\s2003\\Documents\\Winter_2026\\PRJ666\\code\\scriptorium-backend\\routes\\goals.js": {"path":"C:\\Users\\s2003\\Documents\\Winter_2026\\PRJ666\\code\\scriptorium-backend\\routes\\goals.js","statementMap":{"0":{"start":{"line":1,"column":16},"end":{"line":1,"column":34}},"1":{"start":{"line":2,"column":15},"end":{"line":2,"column":31}},"2":{"start":{"line":4,"column":29},"end":{"line":4,"column":64}},"3":{"start":{"line":5,"column":20},"end":{"line":5,"column":55}},"4":{"start":{"line":8,"column":0},"end":{"line":17,"column":3}},"5":{"start":{"line":9,"column":2},"end":{"line":16,"column":3}},"6":{"start":{"line":10,"column":17},"end":{"line":10,"column":38}},"7":{"start":{"line":11,"column":18},"end":{"line":11,"column":60}},"8":{"start":{"line":13,"column":4},"end":{"line":13,"column":20}},"9":{"start":{"line":15,"column":4},"end":{"line":15,"column":51}},"10":{"start":{"line":20,"column":0},"end":{"line":46,"column":3}},"11":{"start":{"line":21,"column":2},"end":{"line":45,"column":3}},"12":{"start":{"line":22,"column":17},"end":{"line":22,"column":38}},"13":{"start":{"line":23,"column":62},"end":{"line":23,"column":70}},"14":{"start":{"line":25,"column":4},"end":{"line":29,"column":5}},"15":{"start":{"line":26,"column":6},"end":{"line":28,"column":65}},"16":{"start":{"line":31,"column":17},"end":{"line":37,"column":6}},"17":{"start":{"line":39,"column":4},"end":{"line":42,"column":7}},"18":{"start":{"line":44,"column":4},"end":{"line":44,"column":51}},"19":{"start":{"line":49,"column":0},"end":{"line":78,"column":3}},"20":{"start":{"line":50,"column":2},"end":{"line":77,"column":3}},"21":{"start":{"line":51,"column":17},"end":{"line":51,"column":38}},"22":{"start":{"line":53,"column":24},"end":{"line":53,"column":32}},"23":{"start":{"line":55,"column":4},"end":{"line":59,"column":5}},"24":{"start":{"line":56,"column":6},"end":{"line":58,"column":64}},"25":{"start":{"line":61,"column":17},"end":{"line":65,"column":5}},"26":{"start":{"line":67,"column":4},"end":{"line":69,"column":5}},"27":{"start":{"line":68,"column":6},"end":{"line":68,"column":65}},"28":{"start":{"line":71,"column":4},"end":{"line":74,"column":7}},"29":{"start":{"line":76,"column":4},"end":{"line":76,"column":51}},"30":{"start":{"line":81,"column":0},"end":{"line":101,"column":3}},"31":{"start":{"line":82,"column":2},"end":{"line":100,"column":3}},"32":{"start":{"line":83,"column":17},"end":{"line":83,"column":38}},"33":{"start":{"line":85,"column":51},"end":{"line":85,"column":59}},"34":{"start":{"line":87,"column":17},"end":{"line":93,"column":6}},"35":{"start":{"line":95,"column":4},"end":{"line":95,"column":74}},"36":{"start":{"line":95,"column":15},"end":{"line":95,"column":74}},"37":{"start":{"line":97,"column":4},"end":{"line":97,"column":61}},"38":{"start":{"line":99,"column":4},"end":{"line":99,"column":51}},"39":{"start":{"line":104,"column":0},"end":{"line":120,"column":3}},"40":{"start":{"line":105,"column":2},"end":{"line":119,"column":3}},"41":{"start":{"line":106,"column":17},"end":{"line":106,"column":38}},"42":{"start":{"line":108,"column":20},"end":{"line":108,"column":73}},"43":{"start":{"line":110,"column":4},"end":{"line":112,"column":5}},"44":{"start":{"line":111,"column":6},"end":{"line":111,"column":65}},"45":{"start":{"line":114,"column":4},"end":{"line":116,"column":7}},"46":{"start":{"line":118,"column":4},"end":{"line":118,"column":51}},"47":{"start":{"line":122,"column":0},"end":{"line":122,"column":24}}},"fnMap":{"0":{"name":"(anonymous_0)","decl":{"start":{"line":8,"column":20},"end":{"line":8,"column":21}},"loc":{"start":{"line":8,"column":40},"end":{"line":17,"column":1}},"line":8},"1":{"name":"(anonymous_1)","decl":{"start":{"line":20,"column":20},"end":{"line":20,"column":21}},"loc":{"start":{"line":20,"column":40},"end":{"line":46,"column":1}},"line":20},"2":{"name":"(anonymous_2)","decl":{"start":{"line":49,"column":35},"end":{"line":49,"column":36}},"loc":{"start":{"line":49,"column":55},"end":{"line":78,"column":1}},"line":49},"3":{"name":"(anonymous_3)","decl":{"start":{"line":81,"column":26},"end":{"line":81,"column":27}},"loc":{"start":{"line":81,"column":46},"end":{"line":101,"column":1}},"line":81},"4":{"name":"(anonymous_4)","decl":{"start":{"line":104,"column":29},"end":{"line":104,"column":30}},"loc":{"start":{"line":104,"column":49},"end":{"line":120,"column":1}},"line":104}},"branchMap":{"0":{"loc":{"start":{"line":23,"column":25},"end":{"line":23,"column":36}},"type":"default-arg","locations":[{"start":{"line":23,"column":35},"end":{"line":23,"column":36}}],"line":23},"1":{"loc":{"start":{"line":23,"column":45},"end":{"line":23,"column":57}},"type":"default-arg","locations":[{"start":{"line":23,"column":53},"end":{"line":23,"column":57}}],"line":23},"2":{"loc":{"start":{"line":25,"column":4},"end":{"line":29,"column":5}},"type":"if","locations":[{"start":{"line":25,"column":4},"end":{"line":29,"column":5}},{"start":{},"end":{}}],"line":25},"3":{"loc":{"start":{"line":25,"column":8},"end":{"line":25,"column":40}},"type":"binary-expr","locations":[{"start":{"line":25,"column":8},"end":{"line":25,"column":14}},{"start":{"line":25,"column":18},"end":{"line":25,"column":23}},{"start":{"line":25,"column":27},"end":{"line":25,"column":40}}],"line":25},"4":{"loc":{"start":{"line":55,"column":4},"end":{"line":59,"column":5}},"type":"if","locations":[{"start":{"line":55,"column":4},"end":{"line":59,"column":5}},{"start":{},"end":{}}],"line":55},"5":{"loc":{"start":{"line":55,"column":8},"end":{"line":55,"column":47}},"type":"binary-expr","locations":[{"start":{"line":55,"column":8},"end":{"line":55,"column":29}},{"start":{"line":55,"column":33},"end":{"line":55,"column":47}}],"line":55},"6":{"loc":{"start":{"line":67,"column":4},"end":{"line":69,"column":5}},"type":"if","locations":[{"start":{"line":67,"column":4},"end":{"line":69,"column":5}},{"start":{},"end":{}}],"line":67},"7":{"loc":{"start":{"line":95,"column":4},"end":{"line":95,"column":74}},"type":"if","locations":[{"start":{"line":95,"column":4},"end":{"line":95,"column":74}},{"start":{},"end":{}}],"line":95},"8":{"loc":{"start":{"line":110,"column":4},"end":{"line":112,"column":5}},"type":"if","locations":[{"start":{"line":110,"column":4},"end":{"line":112,"column":5}},{"start":{},"end":{}}],"line":110}},"s":{"0":1,"1":1,"2":1,"3":1,"4":1,"5":2,"6":2,"7":1,"8":1,"9":1,"10":1,"11":1,"12":1,"13":1,"14":1,"15":0,"16":1,"17":1,"18":0,"19":1,"20":2,"21":2,"22":2,"23":2,"24":1,"25":1,"26":1,"27":0,"28":1,"29":0,"30":1,"31":1,"32":1,"33":1,"34":1,"35":1,"36":0,"37":1,"38":0,"39":1,"40":2,"41":2,"42":2,"43":2,"44":1,"45":1,"46":0,"47":1},"f":{"0":2,"1":1,"2":2,"3":1,"4":2},"b":{"0":[1],"1":[1],"2":[0,1],"3":[1,1,1],"4":[1,1],"5":[2,2],"6":[0,1],"7":[0,1],"8":[1,1]},"_coverageSchema":"1a1c01bbd47fc00a2c39e90264f33305004495a9","hash":"b5a5dd86e45f4fca46548ce335359759d81b8747"}
,"C:\\Users\\s2003\\Documents\\Winter_2026\\PRJ666\\code\\scriptorium-backend\\routes\\movies.js": {"path":"C:\\Users\\s2003\\Documents\\Winter_2026\\PRJ666\\code\\scriptorium-backend\\routes\\movies.js","statementMap":{"0":{"start":{"line":1,"column":16},"end":{"line":1,"column":34}},"1":{"start":{"line":2,"column":15},"end":{"line":2,"column":31}},"2":{"start":{"line":3,"column":14},"end":{"line":3,"column":30}},"3":{"start":{"line":5,"column":29},"end":{"line":5,"column":64}},"4":{"start":{"line":6,"column":21},"end":{"line":6,"column":57}},"5":{"start":{"line":11,"column":0},"end":{"line":47,"column":3}},"6":{"start":{"line":12,"column":33},"end":{"line":12,"column":42}},"7":{"start":{"line":14,"column":2},"end":{"line":18,"column":3}},"8":{"start":{"line":15,"column":4},"end":{"line":17,"column":63}},"9":{"start":{"line":20,"column":2},"end":{"line":46,"column":3}},"10":{"start":{"line":21,"column":19},"end":{"line":21,"column":43}},"11":{"start":{"line":22,"column":16},"end":{"line":22,"column":103}},"12":{"start":{"line":24,"column":21},"end":{"line":24,"column":41}},"13":{"start":{"line":26,"column":4},"end":{"line":28,"column":5}},"14":{"start":{"line":27,"column":6},"end":{"line":27,"column":38}},"15":{"start":{"line":30,"column":19},"end":{"line":36,"column":7}},"16":{"start":{"line":30,"column":55},"end":{"line":36,"column":5}},"17":{"start":{"line":38,"column":4},"end":{"line":42,"column":7}},"18":{"start":{"line":44,"column":4},"end":{"line":44,"column":50}},"19":{"start":{"line":45,"column":4},"end":{"line":45,"column":77}},"20":{"start":{"line":52,"column":0},"end":{"line":59,"column":3}},"21":{"start":{"line":53,"column":2},"end":{"line":58,"column":3}},"22":{"start":{"line":54,"column":18},"end":{"line":54,"column":56}},"23":{"start":{"line":55,"column":4},"end":{"line":55,"column":20}},"24":{"start":{"line":57,"column":4},"end":{"line":57,"column":51}},"25":{"start":{"line":64,"column":0},"end":{"line":72,"column":3}},"26":{"start":{"line":65,"column":2},"end":{"line":71,"column":3}},"27":{"start":{"line":66,"column":17},"end":{"line":66,"column":38}},"28":{"start":{"line":67,"column":20},"end":{"line":67,"column":66}},"29":{"start":{"line":68,"column":4},"end":{"line":68,"column":22}},"30":{"start":{"line":70,"column":4},"end":{"line":70,"column":51}},"31":{"start":{"line":77,"column":0},"end":{"line":87,"column":3}},"32":{"start":{"line":78,"column":2},"end":{"line":86,"column":3}},"33":{"start":{"line":79,"column":17},"end":{"line":79,"column":38}},"34":{"start":{"line":80,"column":18},"end":{"line":80,"column":34}},"35":{"start":{"line":82,"column":19},"end":{"line":82,"column":67}},"36":{"start":{"line":83,"column":4},"end":{"line":83,"column":21}},"37":{"start":{"line":85,"column":4},"end":{"line":85,"column":51}},"38":{"start":{"line":92,"column":0},"end":{"line":99,"column":3}},"39":{"start":{"line":93,"column":2},"end":{"line":98,"column":3}},"40":{"start":{"line":94,"column":18},"end":{"line":94,"column":64}},"41":{"start":{"line":95,"column":4},"end":{"line":95,"column":20}},"42":{"start":{"line":97,"column":4},"end":{"line":97,"column":51}},"43":{"start":{"line":104,"column":0},"end":{"line":143,"column":3}},"44":{"start":{"line":105,"column":2},"end":{"line":142,"column":3}},"45":{"start":{"line":106,"column":17},"end":{"line":106,"column":38}},"46":{"start":{"line":107,"column":36},"end":{"line":107,"column":44}},"47":{"start":{"line":109,"column":4},"end":{"line":111,"column":5}},"48":{"start":{"line":110,"column":6},"end":{"line":110,"column":68}},"49":{"start":{"line":113,"column":4},"end":{"line":117,"column":5}},"50":{"start":{"line":114,"column":6},"end":{"line":116,"column":9}},"51":{"start":{"line":120,"column":16},"end":{"line":122,"column":24}},"52":{"start":{"line":122,"column":19},"end":{"line":122,"column":23}},"53":{"start":{"line":124,"column":4},"end":{"line":126,"column":5}},"54":{"start":{"line":125,"column":6},"end":{"line":125,"column":54}},"55":{"start":{"line":129,"column":19},"end":{"line":133,"column":5}},"56":{"start":{"line":135,"column":4},"end":{"line":139,"column":7}},"57":{"start":{"line":141,"column":4},"end":{"line":141,"column":51}},"58":{"start":{"line":148,"column":0},"end":{"line":170,"column":3}},"59":{"start":{"line":149,"column":2},"end":{"line":169,"column":3}},"60":{"start":{"line":150,"column":17},"end":{"line":150,"column":38}},"61":{"start":{"line":151,"column":31},"end":{"line":151,"column":39}},"62":{"start":{"line":153,"column":4},"end":{"line":157,"column":5}},"63":{"start":{"line":154,"column":6},"end":{"line":156,"column":9}},"64":{"start":{"line":159,"column":19},"end":{"line":163,"column":5}},"65":{"start":{"line":165,"column":4},"end":{"line":165,"column":21}},"66":{"start":{"line":167,"column":4},"end":{"line":167,"column":54}},"67":{"start":{"line":168,"column":4},"end":{"line":168,"column":51}},"68":{"start":{"line":175,"column":0},"end":{"line":242,"column":3}},"69":{"start":{"line":176,"column":2},"end":{"line":241,"column":3}},"70":{"start":{"line":177,"column":61},"end":{"line":177,"column":70}},"71":{"start":{"line":178,"column":19},"end":{"line":178,"column":43}},"72":{"start":{"line":180,"column":4},"end":{"line":182,"column":5}},"73":{"start":{"line":181,"column":6},"end":{"line":181,"column":71}},"74":{"start":{"line":184,"column":4},"end":{"line":188,"column":5}},"75":{"start":{"line":185,"column":6},"end":{"line":187,"column":68}},"76":{"start":{"line":191,"column":23},"end":{"line":191,"column":39}},"77":{"start":{"line":192,"column":22},"end":{"line":194,"column":77}},"78":{"start":{"line":196,"column":21},"end":{"line":196,"column":47}},"79":{"start":{"line":198,"column":4},"end":{"line":200,"column":5}},"80":{"start":{"line":199,"column":6},"end":{"line":199,"column":75}},"81":{"start":{"line":202,"column":17},"end":{"line":208,"column":7}},"82":{"start":{"line":202,"column":53},"end":{"line":208,"column":5}},"83":{"start":{"line":211,"column":4},"end":{"line":228,"column":5}},"84":{"start":{"line":212,"column":23},"end":{"line":212,"column":25}},"85":{"start":{"line":213,"column":6},"end":{"line":226,"column":7}},"86":{"start":{"line":214,"column":26},"end":{"line":216,"column":9}},"87":{"start":{"line":217,"column":21},"end":{"line":217,"column":35}},"88":{"start":{"line":218,"column":22},"end":{"line":218,"column":26}},"89":{"start":{"line":219,"column":8},"end":{"line":221,"column":80}},"90":{"start":{"line":220,"column":10},"end":{"line":221,"column":80}},"91":{"start":{"line":222,"column":8},"end":{"line":224,"column":79}},"92":{"start":{"line":223,"column":10},"end":{"line":224,"column":79}},"93":{"start":{"line":225,"column":8},"end":{"line":225,"column":42}},"94":{"start":{"line":225,"column":21},"end":{"line":225,"column":42}},"95":{"start":{"line":227,"column":6},"end":{"line":227,"column":24}},"96":{"start":{"line":230,"column":4},"end":{"line":234,"column":7}},"97":{"start":{"line":236,"column":4},"end":{"line":236,"column":62}},"98":{"start":{"line":237,"column":4},"end":{"line":240,"column":7}},"99":{"start":{"line":244,"column":0},"end":{"line":244,"column":24}}},"fnMap":{"0":{"name":"(anonymous_0)","decl":{"start":{"line":11,"column":22},"end":{"line":11,"column":23}},"loc":{"start":{"line":11,"column":42},"end":{"line":47,"column":1}},"line":11},"1":{"name":"(anonymous_1)","decl":{"start":{"line":30,"column":44},"end":{"line":30,"column":45}},"loc":{"start":{"line":30,"column":55},"end":{"line":36,"column":5}},"line":30},"2":{"name":"(anonymous_2)","decl":{"start":{"line":52,"column":17},"end":{"line":52,"column":18}},"loc":{"start":{"line":52,"column":37},"end":{"line":59,"column":1}},"line":52},"3":{"name":"(anonymous_3)","decl":{"start":{"line":64,"column":21},"end":{"line":64,"column":22}},"loc":{"start":{"line":64,"column":41},"end":{"line":72,"column":1}},"line":64},"4":{"name":"(anonymous_4)","decl":{"start":{"line":77,"column":28},"end":{"line":77,"column":29}},"loc":{"start":{"line":77,"column":48},"end":{"line":87,"column":1}},"line":77},"5":{"name":"(anonymous_5)","decl":{"start":{"line":92,"column":19},"end":{"line":92,"column":20}},"loc":{"start":{"line":92,"column":39},"end":{"line":99,"column":1}},"line":92},"6":{"name":"(anonymous_6)","decl":{"start":{"line":104,"column":26},"end":{"line":104,"column":27}},"loc":{"start":{"line":104,"column":46},"end":{"line":143,"column":1}},"line":104},"7":{"name":"(anonymous_7)","decl":{"start":{"line":122,"column":13},"end":{"line":122,"column":14}},"loc":{"start":{"line":122,"column":19},"end":{"line":122,"column":23}},"line":122},"8":{"name":"(anonymous_8)","decl":{"start":{"line":148,"column":29},"end":{"line":148,"column":30}},"loc":{"start":{"line":148,"column":49},"end":{"line":170,"column":1}},"line":148},"9":{"name":"(anonymous_9)","decl":{"start":{"line":175,"column":31},"end":{"line":175,"column":32}},"loc":{"start":{"line":175,"column":51},"end":{"line":242,"column":1}},"line":175},"10":{"name":"(anonymous_10)","decl":{"start":{"line":202,"column":42},"end":{"line":202,"column":43}},"loc":{"start":{"line":202,"column":53},"end":{"line":208,"column":5}},"line":202}},"branchMap":{"0":{"loc":{"start":{"line":12,"column":20},"end":{"line":12,"column":28}},"type":"default-arg","locations":[{"start":{"line":12,"column":27},"end":{"line":12,"column":28}}],"line":12},"1":{"loc":{"start":{"line":14,"column":2},"end":{"line":18,"column":3}},"type":"if","locations":[{"start":{"line":14,"column":2},"end":{"line":18,"column":3}},{"start":{},"end":{}}],"line":14},"2":{"loc":{"start":{"line":26,"column":4},"end":{"line":28,"column":5}},"type":"if","locations":[{"start":{"line":26,"column":4},"end":{"line":28,"column":5}},{"start":{},"end":{}}],"line":26},"3":{"loc":{"start":{"line":39,"column":20},"end":{"line":39,"column":59}},"type":"binary-expr","locations":[{"start":{"line":39,"column":20},"end":{"line":39,"column":54}},{"start":{"line":39,"column":58},"end":{"line":39,"column":59}}],"line":39},"4":{"loc":{"start":{"line":109,"column":4},"end":{"line":111,"column":5}},"type":"if","locations":[{"start":{"line":109,"column":4},"end":{"line":111,"column":5}},{"start":{},"end":{}}],"line":109},"5":{"loc":{"start":{"line":113,"column":4},"end":{"line":117,"column":5}},"type":"if","locations":[{"start":{"line":113,"column":4},"end":{"line":117,"column":5}},{"start":{},"end":{}}],"line":113},"6":{"loc":{"start":{"line":113,"column":8},"end":{"line":113,"column":42}},"type":"binary-expr","locations":[{"start":{"line":113,"column":8},"end":{"line":113,"column":22}},{"start":{"line":113,"column":26},"end":{"line":113,"column":42}}],"line":113},"7":{"loc":{"start":{"line":124,"column":4},"end":{"line":126,"column":5}},"type":"if","locations":[{"start":{"line":124,"column":4},"end":{"line":126,"column":5}},{"start":{},"end":{}}],"line":124},"8":{"loc":{"start":{"line":153,"column":4},"end":{"line":157,"column":5}},"type":"if","locations":[{"start":{"line":153,"column":4},"end":{"line":157,"column":5}},{"start":{},"end":{}}],"line":153},"9":{"loc":{"start":{"line":153,"column":8},"end":{"line":153,"column":26}},"type":"binary-expr","locations":[{"start":{"line":153,"column":8},"end":{"line":153,"column":16}},{"start":{"line":153,"column":20},"end":{"line":153,"column":26}}],"line":153},"10":{"loc":{"start":{"line":177,"column":42},"end":{"line":177,"column":50}},"type":"default-arg","locations":[{"start":{"line":177,"column":49},"end":{"line":177,"column":50}}],"line":177},"11":{"loc":{"start":{"line":180,"column":4},"end":{"line":182,"column":5}},"type":"if","locations":[{"start":{"line":180,"column":4},"end":{"line":182,"column":5}},{"start":{},"end":{}}],"line":180},"12":{"loc":{"start":{"line":184,"column":4},"end":{"line":188,"column":5}},"type":"if","locations":[{"start":{"line":184,"column":4},"end":{"line":188,"column":5}},{"start":{},"end":{}}],"line":184},"13":{"loc":{"start":{"line":184,"column":8},"end":{"line":184,"column":49}},"type":"binary-expr","locations":[{"start":{"line":184,"column":8},"end":{"line":184,"column":10}},{"start":{"line":184,"column":14},"end":{"line":184,"column":20}},{"start":{"line":184,"column":24},"end":{"line":184,"column":30}},{"start":{"line":184,"column":34},"end":{"line":184,"column":40}},{"start":{"line":184,"column":44},"end":{"line":184,"column":49}}],"line":184},"14":{"loc":{"start":{"line":191,"column":23},"end":{"line":191,"column":39}},"type":"binary-expr","locations":[{"start":{"line":191,"column":23},"end":{"line":191,"column":24}},{"start":{"line":191,"column":28},"end":{"line":191,"column":33}},{"start":{"line":191,"column":37},"end":{"line":191,"column":39}}],"line":191},"15":{"loc":{"start":{"line":194,"column":21},"end":{"line":194,"column":48}},"type":"cond-expr","locations":[{"start":{"line":194,"column":28},"end":{"line":194,"column":43}},{"start":{"line":194,"column":46},"end":{"line":194,"column":48}}],"line":194},"16":{"loc":{"start":{"line":194,"column":51},"end":{"line":194,"column":75}},"type":"cond-expr","locations":[{"start":{"line":194,"column":58},"end":{"line":194,"column":70}},{"start":{"line":194,"column":73},"end":{"line":194,"column":75}}],"line":194},"17":{"loc":{"start":{"line":198,"column":4},"end":{"line":200,"column":5}},"type":"if","locations":[{"start":{"line":198,"column":4},"end":{"line":200,"column":5}},{"start":{},"end":{}}],"line":198},"18":{"loc":{"start":{"line":211,"column":4},"end":{"line":228,"column":5}},"type":"if","locations":[{"start":{"line":211,"column":4},"end":{"line":228,"column":5}},{"start":{},"end":{}}],"line":211},"19":{"loc":{"start":{"line":211,"column":8},"end":{"line":211,"column":22}},"type":"binary-expr","locations":[{"start":{"line":211,"column":8},"end":{"line":211,"column":13}},{"start":{"line":211,"column":17},"end":{"line":211,"column":22}}],"line":211},"20":{"loc":{"start":{"line":219,"column":8},"end":{"line":221,"column":80}},"type":"if","locations":[{"start":{"line":219,"column":8},"end":{"line":221,"column":80}},{"start":{},"end":{}}],"line":219},"21":{"loc":{"start":{"line":221,"column":12},"end":{"line":221,"column":79}},"type":"binary-expr","locations":[{"start":{"line":221,"column":12},"end":{"line":221,"column":19}},{"start":{"line":221,"column":23},"end":{"line":221,"column":79}}],"line":221},"22":{"loc":{"start":{"line":222,"column":8},"end":{"line":224,"column":79}},"type":"if","locations":[{"start":{"line":222,"column":8},"end":{"line":224,"column":79}},{"start":{},"end":{}}],"line":222},"23":{"loc":{"start":{"line":224,"column":12},"end":{"line":224,"column":78}},"type":"binary-expr","locations":[{"start":{"line":224,"column":12},"end":{"line":224,"column":19}},{"start":{"line":224,"column":23},"end":{"line":224,"column":78}}],"line":224},"24":{"loc":{"start":{"line":225,"column":8},"end":{"line":225,"column":42}},"type":"if","locations":[{"start":{"line":225,"column":8},"end":{"line":225,"column":42}},{"start":{},"end":{}}],"line":225}},"s":{"0":2,"1":2,"2":2,"3":2,"4":2,"5":2,"6":3,"7":3,"8":1,"9":2,"10":2,"11":2,"12":2,"13":2,"14":1,"15":1,"16":1,"17":1,"18":0,"19":0,"20":2,"21":1,"22":1,"23":1,"24":0,"25":2,"26":1,"27":1,"28":1,"29":1,"30":0,"31":2,"32":1,"33":1,"34":1,"35":1,"36":1,"37":0,"38":2,"39":1,"40":1,"41":1,"42":0,"43":2,"44":2,"45":2,"46":2,"47":2,"48":1,"49":1,"50":0,"51":1,"52":0,"53":1,"54":0,"55":1,"56":1,"57":0,"58":2,"59":2,"60":2,"61":2,"62":2,"63":1,"64":1,"65":1,"66":0,"67":0,"68":2,"69":7,"70":7,"71":7,"72":7,"73":1,"74":6,"75":1,"76":5,"77":5,"78":5,"79":5,"80":1,"81":4,"82":5,"83":4,"84":3,"85":3,"86":3,"87":3,"88":3,"89":3,"90":2,"91":3,"92":1,"93":3,"94":2,"95":3,"96":4,"97":0,"98":0,"99":2},"f":{"0":3,"1":1,"2":1,"3":1,"4":1,"5":1,"6":2,"7":0,"8":2,"9":7,"10":5},"b":{"0":[3],"1":[1,2],"2":[1,1],"3":[1,1],"4":[1,1],"5":[0,1],"6":[1,1],"7":[0,1],"8":[1,1],"9":[2,2],"10":[7],"11":[1,6],"12":[1,5],"13":[6,4,4,2,1],"14":[5,3,3],"15":[0,5],"16":[0,5],"17":[1,4],"18":[3,1],"19":[4,2],"20":[2,1],"21":[2,2],"22":[1,2],"23":[1,1],"24":[2,1]},"_coverageSchema":"1a1c01bbd47fc00a2c39e90264f33305004495a9","hash":"3179eafca90dd5c4e46fc9e39ff36e805dc8c360"}
,"C:\\Users\\s2003\\Documents\\Winter_2026\\PRJ666\\code\\scriptorium-backend\\routes\\music.js": {"path":"C:\\Users\\s2003\\Documents\\Winter_2026\\PRJ666\\code\\scriptorium-backend\\routes\\music.js","statementMap":{"0":{"start":{"line":3,"column":16},"end":{"line":3,"column":34}},"1":{"start":{"line":4,"column":15},"end":{"line":4,"column":31}},"2":{"start":{"line":5,"column":14},"end":{"line":5,"column":30}},"3":{"start":{"line":7,"column":29},"end":{"line":7,"column":64}},"4":{"start":{"line":8,"column":21},"end":{"line":8,"column":57}},"5":{"start":{"line":12,"column":0},"end":{"line":72,"column":3}},"6":{"start":{"line":13,"column":38},"end":{"line":13,"column":47}},"7":{"start":{"line":15,"column":2},"end":{"line":19,"column":3}},"8":{"start":{"line":16,"column":4},"end":{"line":18,"column":63}},"9":{"start":{"line":21,"column":2},"end":{"line":71,"column":3}},"10":{"start":{"line":22,"column":24},"end":{"line":22,"column":36}},"11":{"start":{"line":23,"column":22},"end":{"line":23,"column":50}},"12":{"start":{"line":24,"column":19},"end":{"line":24,"column":48}},"13":{"start":{"line":26,"column":16},"end":{"line":28,"column":52}},"14":{"start":{"line":30,"column":21},"end":{"line":34,"column":6}},"15":{"start":{"line":37,"column":6},"end":{"line":61,"column":14}},"16":{"start":{"line":38,"column":24},"end":{"line":38,"column":48}},"17":{"start":{"line":39,"column":28},"end":{"line":39,"column":38}},"18":{"start":{"line":42,"column":25},"end":{"line":44,"column":16}},"19":{"start":{"line":46,"column":8},"end":{"line":60,"column":10}},"20":{"start":{"line":63,"column":4},"end":{"line":67,"column":7}},"21":{"start":{"line":69,"column":4},"end":{"line":69,"column":57}},"22":{"start":{"line":70,"column":4},"end":{"line":70,"column":79}},"23":{"start":{"line":75,"column":0},"end":{"line":82,"column":3}},"24":{"start":{"line":76,"column":2},"end":{"line":81,"column":3}},"25":{"start":{"line":77,"column":18},"end":{"line":77,"column":56}},"26":{"start":{"line":78,"column":4},"end":{"line":78,"column":20}},"27":{"start":{"line":80,"column":4},"end":{"line":80,"column":51}},"28":{"start":{"line":84,"column":0},"end":{"line":94,"column":3}},"29":{"start":{"line":85,"column":2},"end":{"line":93,"column":3}},"30":{"start":{"line":86,"column":17},"end":{"line":86,"column":38}},"31":{"start":{"line":87,"column":22},"end":{"line":87,"column":42}},"32":{"start":{"line":89,"column":19},"end":{"line":89,"column":71}},"33":{"start":{"line":90,"column":4},"end":{"line":90,"column":21}},"34":{"start":{"line":92,"column":4},"end":{"line":92,"column":51}},"35":{"start":{"line":96,"column":0},"end":{"line":105,"column":3}},"36":{"start":{"line":97,"column":2},"end":{"line":104,"column":3}},"37":{"start":{"line":98,"column":17},"end":{"line":98,"column":38}},"38":{"start":{"line":100,"column":20},"end":{"line":100,"column":66}},"39":{"start":{"line":101,"column":4},"end":{"line":101,"column":22}},"40":{"start":{"line":103,"column":4},"end":{"line":103,"column":51}},"41":{"start":{"line":108,"column":0},"end":{"line":115,"column":3}},"42":{"start":{"line":109,"column":2},"end":{"line":114,"column":3}},"43":{"start":{"line":110,"column":18},"end":{"line":110,"column":64}},"44":{"start":{"line":111,"column":4},"end":{"line":111,"column":20}},"45":{"start":{"line":113,"column":4},"end":{"line":113,"column":51}},"46":{"start":{"line":118,"column":0},"end":{"line":159,"column":3}},"47":{"start":{"line":119,"column":2},"end":{"line":158,"column":3}},"48":{"start":{"line":120,"column":17},"end":{"line":120,"column":38}},"49":{"start":{"line":121,"column":36},"end":{"line":121,"column":44}},"50":{"start":{"line":124,"column":4},"end":{"line":126,"column":5}},"51":{"start":{"line":125,"column":6},"end":{"line":125,"column":68}},"52":{"start":{"line":129,"column":4},"end":{"line":133,"column":5}},"53":{"start":{"line":130,"column":6},"end":{"line":132,"column":9}},"54":{"start":{"line":136,"column":16},"end":{"line":138,"column":24}},"55":{"start":{"line":138,"column":19},"end":{"line":138,"column":23}},"56":{"start":{"line":140,"column":4},"end":{"line":142,"column":5}},"57":{"start":{"line":141,"column":6},"end":{"line":141,"column":54}},"58":{"start":{"line":145,"column":19},"end":{"line":149,"column":5}},"59":{"start":{"line":151,"column":4},"end":{"line":155,"column":7}},"60":{"start":{"line":157,"column":4},"end":{"line":157,"column":51}},"61":{"start":{"line":162,"column":0},"end":{"line":177,"column":3}},"62":{"start":{"line":163,"column":2},"end":{"line":176,"column":3}},"63":{"start":{"line":164,"column":17},"end":{"line":164,"column":38}},"64":{"start":{"line":165,"column":31},"end":{"line":165,"column":39}},"65":{"start":{"line":167,"column":19},"end":{"line":171,"column":5}},"66":{"start":{"line":173,"column":4},"end":{"line":173,"column":21}},"67":{"start":{"line":175,"column":4},"end":{"line":175,"column":51}},"68":{"start":{"line":180,"column":0},"end":{"line":250,"column":3}},"69":{"start":{"line":181,"column":2},"end":{"line":249,"column":3}},"70":{"start":{"line":182,"column":70},"end":{"line":182,"column":79}},"71":{"start":{"line":184,"column":23},"end":{"line":184,"column":25}},"72":{"start":{"line":186,"column":4},"end":{"line":186,"column":30}},"73":{"start":{"line":186,"column":11},"end":{"line":186,"column":30}},"74":{"start":{"line":187,"column":4},"end":{"line":187,"column":53}},"75":{"start":{"line":187,"column":15},"end":{"line":187,"column":53}},"76":{"start":{"line":188,"column":4},"end":{"line":188,"column":52}},"77":{"start":{"line":188,"column":16},"end":{"line":188,"column":52}},"78":{"start":{"line":189,"column":4},"end":{"line":189,"column":55}},"79":{"start":{"line":189,"column":17},"end":{"line":189,"column":55}},"80":{"start":{"line":190,"column":4},"end":{"line":190,"column":46}},"81":{"start":{"line":190,"column":14},"end":{"line":190,"column":46}},"82":{"start":{"line":192,"column":4},"end":{"line":196,"column":5}},"83":{"start":{"line":193,"column":6},"end":{"line":195,"column":9}},"84":{"start":{"line":198,"column":24},"end":{"line":198,"column":36}},"85":{"start":{"line":199,"column":22},"end":{"line":199,"column":50}},"86":{"start":{"line":200,"column":19},"end":{"line":200,"column":48}},"87":{"start":{"line":202,"column":16},"end":{"line":204,"column":52}},"88":{"start":{"line":206,"column":21},"end":{"line":210,"column":6}},"89":{"start":{"line":213,"column":6},"end":{"line":236,"column":14}},"90":{"start":{"line":214,"column":28},"end":{"line":214,"column":52}},"91":{"start":{"line":215,"column":28},"end":{"line":215,"column":42}},"92":{"start":{"line":217,"column":25},"end":{"line":219,"column":16}},"93":{"start":{"line":221,"column":8},"end":{"line":235,"column":10}},"94":{"start":{"line":238,"column":4},"end":{"line":242,"column":7}},"95":{"start":{"line":244,"column":4},"end":{"line":244,"column":69}},"96":{"start":{"line":246,"column":4},"end":{"line":248,"column":7}},"97":{"start":{"line":253,"column":0},"end":{"line":253,"column":24}}},"fnMap":{"0":{"name":"(anonymous_0)","decl":{"start":{"line":12,"column":22},"end":{"line":12,"column":23}},"loc":{"start":{"line":12,"column":42},"end":{"line":72,"column":1}},"line":12},"1":{"name":"(anonymous_1)","decl":{"start":{"line":37,"column":43},"end":{"line":37,"column":44}},"loc":{"start":{"line":37,"column":53},"end":{"line":61,"column":7}},"line":37},"2":{"name":"(anonymous_2)","decl":{"start":{"line":75,"column":17},"end":{"line":75,"column":18}},"loc":{"start":{"line":75,"column":37},"end":{"line":82,"column":1}},"line":75},"3":{"name":"(anonymous_3)","decl":{"start":{"line":84,"column":32},"end":{"line":84,"column":33}},"loc":{"start":{"line":84,"column":52},"end":{"line":94,"column":1}},"line":84},"4":{"name":"(anonymous_4)","decl":{"start":{"line":96,"column":21},"end":{"line":96,"column":22}},"loc":{"start":{"line":96,"column":41},"end":{"line":105,"column":1}},"line":96},"5":{"name":"(anonymous_5)","decl":{"start":{"line":108,"column":19},"end":{"line":108,"column":20}},"loc":{"start":{"line":108,"column":39},"end":{"line":115,"column":1}},"line":108},"6":{"name":"(anonymous_6)","decl":{"start":{"line":118,"column":26},"end":{"line":118,"column":27}},"loc":{"start":{"line":118,"column":46},"end":{"line":159,"column":1}},"line":118},"7":{"name":"(anonymous_7)","decl":{"start":{"line":138,"column":13},"end":{"line":138,"column":14}},"loc":{"start":{"line":138,"column":19},"end":{"line":138,"column":23}},"line":138},"8":{"name":"(anonymous_8)","decl":{"start":{"line":162,"column":29},"end":{"line":162,"column":30}},"loc":{"start":{"line":162,"column":49},"end":{"line":177,"column":1}},"line":162},"9":{"name":"(anonymous_9)","decl":{"start":{"line":180,"column":31},"end":{"line":180,"column":32}},"loc":{"start":{"line":180,"column":51},"end":{"line":250,"column":1}},"line":180},"10":{"name":"(anonymous_10)","decl":{"start":{"line":213,"column":43},"end":{"line":213,"column":44}},"loc":{"start":{"line":213,"column":53},"end":{"line":236,"column":7}},"line":213}},"branchMap":{"0":{"loc":{"start":{"line":13,"column":13},"end":{"line":13,"column":21}},"type":"default-arg","locations":[{"start":{"line":13,"column":20},"end":{"line":13,"column":21}}],"line":13},"1":{"loc":{"start":{"line":13,"column":23},"end":{"line":13,"column":33}},"type":"default-arg","locations":[{"start":{"line":13,"column":31},"end":{"line":13,"column":33}}],"line":13},"2":{"loc":{"start":{"line":15,"column":2},"end":{"line":19,"column":3}},"type":"if","locations":[{"start":{"line":15,"column":2},"end":{"line":19,"column":3}},{"start":{},"end":{}}],"line":15},"3":{"loc":{"start":{"line":37,"column":6},"end":{"line":61,"column":14}},"type":"binary-expr","locations":[{"start":{"line":37,"column":6},"end":{"line":61,"column":8}},{"start":{"line":61,"column":12},"end":{"line":61,"column":14}}],"line":37},"4":{"loc":{"start":{"line":37,"column":7},"end":{"line":37,"column":37}},"type":"binary-expr","locations":[{"start":{"line":37,"column":7},"end":{"line":37,"column":31}},{"start":{"line":37,"column":35},"end":{"line":37,"column":37}}],"line":37},"5":{"loc":{"start":{"line":38,"column":24},"end":{"line":38,"column":48}},"type":"binary-expr","locations":[{"start":{"line":38,"column":24},"end":{"line":38,"column":42}},{"start":{"line":38,"column":46},"end":{"line":38,"column":48}}],"line":38},"6":{"loc":{"start":{"line":42,"column":25},"end":{"line":44,"column":16}},"type":"cond-expr","locations":[{"start":{"line":43,"column":12},"end":{"line":43,"column":74}},{"start":{"line":44,"column":12},"end":{"line":44,"column":16}}],"line":42},"7":{"loc":{"start":{"line":50,"column":18},"end":{"line":50,"column":63}},"type":"binary-expr","locations":[{"start":{"line":50,"column":18},"end":{"line":50,"column":50}},{"start":{"line":50,"column":54},"end":{"line":50,"column":63}}],"line":50},"8":{"loc":{"start":{"line":64,"column":20},"end":{"line":64,"column":44}},"type":"binary-expr","locations":[{"start":{"line":64,"column":20},"end":{"line":64,"column":39}},{"start":{"line":64,"column":43},"end":{"line":64,"column":44}}],"line":64},"9":{"loc":{"start":{"line":124,"column":4},"end":{"line":126,"column":5}},"type":"if","locations":[{"start":{"line":124,"column":4},"end":{"line":126,"column":5}},{"start":{},"end":{}}],"line":124},"10":{"loc":{"start":{"line":129,"column":4},"end":{"line":133,"column":5}},"type":"if","locations":[{"start":{"line":129,"column":4},"end":{"line":133,"column":5}},{"start":{},"end":{}}],"line":129},"11":{"loc":{"start":{"line":129,"column":8},"end":{"line":129,"column":42}},"type":"binary-expr","locations":[{"start":{"line":129,"column":8},"end":{"line":129,"column":22}},{"start":{"line":129,"column":26},"end":{"line":129,"column":42}}],"line":129},"12":{"loc":{"start":{"line":140,"column":4},"end":{"line":142,"column":5}},"type":"if","locations":[{"start":{"line":140,"column":4},"end":{"line":142,"column":5}},{"start":{},"end":{}}],"line":140},"13":{"loc":{"start":{"line":182,"column":45},"end":{"line":182,"column":53}},"type":"default-arg","locations":[{"start":{"line":182,"column":52},"end":{"line":182,"column":53}}],"line":182},"14":{"loc":{"start":{"line":182,"column":55},"end":{"line":182,"column":65}},"type":"default-arg","locations":[{"start":{"line":182,"column":63},"end":{"line":182,"column":65}}],"line":182},"15":{"loc":{"start":{"line":186,"column":4},"end":{"line":186,"column":30}},"type":"if","locations":[{"start":{"line":186,"column":4},"end":{"line":186,"column":30}},{"start":{},"end":{}}],"line":186},"16":{"loc":{"start":{"line":187,"column":4},"end":{"line":187,"column":53}},"type":"if","locations":[{"start":{"line":187,"column":4},"end":{"line":187,"column":53}},{"start":{},"end":{}}],"line":187},"17":{"loc":{"start":{"line":188,"column":4},"end":{"line":188,"column":52}},"type":"if","locations":[{"start":{"line":188,"column":4},"end":{"line":188,"column":52}},{"start":{},"end":{}}],"line":188},"18":{"loc":{"start":{"line":189,"column":4},"end":{"line":189,"column":55}},"type":"if","locations":[{"start":{"line":189,"column":4},"end":{"line":189,"column":55}},{"start":{},"end":{}}],"line":189},"19":{"loc":{"start":{"line":190,"column":4},"end":{"line":190,"column":46}},"type":"if","locations":[{"start":{"line":190,"column":4},"end":{"line":190,"column":46}},{"start":{},"end":{}}],"line":190},"20":{"loc":{"start":{"line":192,"column":4},"end":{"line":196,"column":5}},"type":"if","locations":[{"start":{"line":192,"column":4},"end":{"line":196,"column":5}},{"start":{},"end":{}}],"line":192},"21":{"loc":{"start":{"line":213,"column":6},"end":{"line":236,"column":14}},"type":"binary-expr","locations":[{"start":{"line":213,"column":6},"end":{"line":236,"column":8}},{"start":{"line":236,"column":12},"end":{"line":236,"column":14}}],"line":213},"22":{"loc":{"start":{"line":213,"column":7},"end":{"line":213,"column":37}},"type":"binary-expr","locations":[{"start":{"line":213,"column":7},"end":{"line":213,"column":31}},{"start":{"line":213,"column":35},"end":{"line":213,"column":37}}],"line":213},"23":{"loc":{"start":{"line":214,"column":28},"end":{"line":214,"column":52}},"type":"binary-expr","locations":[{"start":{"line":214,"column":28},"end":{"line":214,"column":46}},{"start":{"line":214,"column":50},"end":{"line":214,"column":52}}],"line":214},"24":{"loc":{"start":{"line":217,"column":25},"end":{"line":219,"column":16}},"type":"cond-expr","locations":[{"start":{"line":218,"column":12},"end":{"line":218,"column":74}},{"start":{"line":219,"column":12},"end":{"line":219,"column":16}}],"line":217},"25":{"loc":{"start":{"line":225,"column":18},"end":{"line":225,"column":63}},"type":"binary-expr","locations":[{"start":{"line":225,"column":18},"end":{"line":225,"column":50}},{"start":{"line":225,"column":54},"end":{"line":225,"column":63}}],"line":225},"26":{"loc":{"start":{"line":239,"column":20},"end":{"line":239,"column":44}},"type":"binary-expr","locations":[{"start":{"line":239,"column":20},"end":{"line":239,"column":39}},{"start":{"line":239,"column":43},"end":{"line":239,"column":44}}],"line":239}},"s":{"0":1,"1":1,"2":1,"3":1,"4":1,"5":1,"6":2,"7":2,"8":1,"9":1,"10":1,"11":1,"12":1,"13":1,"14":1,"15":1,"16":1,"17":1,"18":1,"19":1,"20":1,"21":0,"22":0,"23":1,"24":1,"25":1,"26":1,"27":0,"28":1,"29":1,"30":1,"31":1,"32":1,"33":1,"34":0,"35":1,"36":0,"37":0,"38":0,"39":0,"40":0,"41":1,"42":1,"43":1,"44":1,"45":0,"46":1,"47":1,"48":1,"49":1,"50":1,"51":0,"52":1,"53":0,"54":1,"55":0,"56":1,"57":0,"58":1,"59":1,"60":0,"61":1,"62":1,"63":1,"64":1,"65":1,"66":1,"67":0,"68":1,"69":3,"70":3,"71":3,"72":3,"73":0,"74":3,"75":1,"76":3,"77":2,"78":3,"79":0,"80":3,"81":0,"82":3,"83":1,"84":2,"85":2,"86":2,"87":2,"88":2,"89":1,"90":1,"91":1,"92":1,"93":1,"94":1,"95":1,"96":1,"97":1},"f":{"0":2,"1":1,"2":1,"3":1,"4":0,"5":1,"6":1,"7":0,"8":1,"9":3,"10":1},"b":{"0":[2],"1":[2],"2":[1,1],"3":[1,0],"4":[1,0],"5":[1,0],"6":[1,0],"7":[1,0],"8":[1,1],"9":[0,1],"10":[0,1],"11":[1,1],"12":[0,1],"13":[2],"14":[2],"15":[0,3],"16":[1,2],"17":[2,1],"18":[0,3],"19":[0,3],"20":[1,2],"21":[1,0],"22":[1,0],"23":[1,0],"24":[1,0],"25":[1,0],"26":[1,0]},"_coverageSchema":"1a1c01bbd47fc00a2c39e90264f33305004495a9","hash":"692f67c94c92504de08bdd6d171165b522be8598"}
,"C:\\Users\\s2003\\Documents\\Winter_2026\\PRJ666\\code\\scriptorium-backend\\routes\\recommendations.js": {"path":"C:\\Users\\s2003\\Documents\\Winter_2026\\PRJ666\\code\\scriptorium-backend\\routes\\recommendations.js","statementMap":{"0":{"start":{"line":2,"column":16},"end":{"line":2,"column":34}},"1":{"start":{"line":3,"column":15},"end":{"line":3,"column":31}},"2":{"start":{"line":4,"column":14},"end":{"line":4,"column":30}},"3":{"start":{"line":6,"column":29},"end":{"line":6,"column":64}},"4":{"start":{"line":7,"column":21},"end":{"line":7,"column":57}},"5":{"start":{"line":8,"column":21},"end":{"line":8,"column":57}},"6":{"start":{"line":9,"column":21},"end":{"line":9,"column":56}},"7":{"start":{"line":10,"column":31},"end":{"line":10,"column":77}},"8":{"start":{"line":13,"column":18},"end":{"line":13,"column":51}},"9":{"start":{"line":13,"column":27},"end":{"line":13,"column":51}},"10":{"start":{"line":18,"column":0},"end":{"line":100,"column":3}},"11":{"start":{"line":19,"column":2},"end":{"line":99,"column":3}},"12":{"start":{"line":20,"column":17},"end":{"line":20,"column":38}},"13":{"start":{"line":21,"column":4},"end":{"line":21,"column":72}},"14":{"start":{"line":21,"column":15},"end":{"line":21,"column":72}},"15":{"start":{"line":23,"column":54},"end":{"line":28,"column":6}},"16":{"start":{"line":30,"column":4},"end":{"line":35,"column":5}},"17":{"start":{"line":31,"column":6},"end":{"line":34,"column":9}},"18":{"start":{"line":37,"column":27},"end":{"line":39,"column":5}},"19":{"start":{"line":38,"column":57},"end":{"line":38,"column":75}},"20":{"start":{"line":41,"column":19},"end":{"line":54,"column":1}},"21":{"start":{"line":42,"column":52},"end":{"line":42,"column":59}},"22":{"start":{"line":56,"column":17},"end":{"line":56,"column":49}},"23":{"start":{"line":57,"column":4},"end":{"line":62,"column":5}},"24":{"start":{"line":58,"column":6},"end":{"line":61,"column":9}},"25":{"start":{"line":64,"column":4},"end":{"line":64,"column":79}},"26":{"start":{"line":64,"column":36},"end":{"line":64,"column":77}},"27":{"start":{"line":66,"column":19},"end":{"line":66,"column":43}},"28":{"start":{"line":67,"column":19},"end":{"line":67,"column":21}},"29":{"start":{"line":69,"column":4},"end":{"line":90,"column":5}},"30":{"start":{"line":70,"column":6},"end":{"line":89,"column":7}},"31":{"start":{"line":71,"column":20},"end":{"line":71,"column":133}},"32":{"start":{"line":72,"column":25},"end":{"line":72,"column":45}},"33":{"start":{"line":74,"column":8},"end":{"line":74,"column":57}},"34":{"start":{"line":74,"column":48},"end":{"line":74,"column":57}},"35":{"start":{"line":75,"column":8},"end":{"line":75,"column":64}},"36":{"start":{"line":75,"column":55},"end":{"line":75,"column":64}},"37":{"start":{"line":77,"column":8},"end":{"line":86,"column":11}},"38":{"start":{"line":88,"column":8},"end":{"line":88,"column":76}},"39":{"start":{"line":92,"column":4},"end":{"line":92,"column":42}},"40":{"start":{"line":94,"column":4},"end":{"line":94,"column":63}},"41":{"start":{"line":95,"column":4},"end":{"line":98,"column":7}},"42":{"start":{"line":105,"column":0},"end":{"line":213,"column":3}},"43":{"start":{"line":106,"column":2},"end":{"line":212,"column":3}},"44":{"start":{"line":107,"column":17},"end":{"line":107,"column":38}},"45":{"start":{"line":108,"column":4},"end":{"line":108,"column":72}},"46":{"start":{"line":108,"column":15},"end":{"line":108,"column":72}},"47":{"start":{"line":110,"column":35},"end":{"line":113,"column":6}},"48":{"start":{"line":115,"column":4},"end":{"line":120,"column":5}},"49":{"start":{"line":116,"column":6},"end":{"line":119,"column":9}},"50":{"start":{"line":122,"column":27},"end":{"line":124,"column":5}},"51":{"start":{"line":123,"column":32},"end":{"line":123,"column":50}},"52":{"start":{"line":126,"column":20},"end":{"line":126,"column":75}},"53":{"start":{"line":126,"column":27},"end":{"line":126,"column":75}},"54":{"start":{"line":128,"column":19},"end":{"line":141,"column":1}},"55":{"start":{"line":143,"column":17},"end":{"line":143,"column":49}},"56":{"start":{"line":144,"column":4},"end":{"line":149,"column":5}},"57":{"start":{"line":145,"column":6},"end":{"line":148,"column":9}},"58":{"start":{"line":151,"column":4},"end":{"line":151,"column":79}},"59":{"start":{"line":151,"column":36},"end":{"line":151,"column":77}},"60":{"start":{"line":153,"column":19},"end":{"line":153,"column":21}},"61":{"start":{"line":155,"column":4},"end":{"line":203,"column":5}},"62":{"start":{"line":156,"column":6},"end":{"line":202,"column":7}},"63":{"start":{"line":157,"column":22},"end":{"line":162,"column":24}},"64":{"start":{"line":164,"column":20},"end":{"line":164,"column":113}},"65":{"start":{"line":165,"column":25},"end":{"line":169,"column":10}},"66":{"start":{"line":171,"column":21},"end":{"line":171,"column":42}},"67":{"start":{"line":172,"column":8},"end":{"line":172,"column":28}},"68":{"start":{"line":172,"column":19},"end":{"line":172,"column":28}},"69":{"start":{"line":173,"column":8},"end":{"line":173,"column":64}},"70":{"start":{"line":173,"column":55},"end":{"line":173,"column":64}},"71":{"start":{"line":175,"column":24},"end":{"line":175,"column":48}},"72":{"start":{"line":176,"column":28},"end":{"line":176,"column":38}},"73":{"start":{"line":178,"column":8},"end":{"line":196,"column":11}},"74":{"start":{"line":198,"column":8},"end":{"line":201,"column":10}},"75":{"start":{"line":205,"column":4},"end":{"line":205,"column":42}},"76":{"start":{"line":207,"column":4},"end":{"line":207,"column":63}},"77":{"start":{"line":208,"column":4},"end":{"line":211,"column":7}},"78":{"start":{"line":218,"column":0},"end":{"line":318,"column":3}},"79":{"start":{"line":219,"column":2},"end":{"line":317,"column":3}},"80":{"start":{"line":220,"column":17},"end":{"line":220,"column":38}},"81":{"start":{"line":221,"column":4},"end":{"line":221,"colum
[...]
":3}},"65":{"start":{"line":121,"column":17},"end":{"line":121,"column":43}},"66":{"start":{"line":123,"column":4},"end":{"line":123,"column":25}},"67":{"start":{"line":127,"column":2},"end":{"line":129,"column":3}},"68":{"start":{"line":128,"column":4},"end":{"line":128,"column":38}},"69":{"start":{"line":131,"column":2},"end":{"line":131,"column":20}},"70":{"start":{"line":133,"column":2},"end":{"line":137,"column":4}},"71":{"start":{"line":141,"column":0},"end":{"line":199,"column":2}},"72":{"start":{"line":146,"column":2},"end":{"line":148,"column":3}},"73":{"start":{"line":147,"column":4},"end":{"line":147,"column":57}},"74":{"start":{"line":150,"column":15},"end":{"line":150,"column":42}},"75":{"start":{"line":151,"column":2},"end":{"line":151,"column":47}},"76":{"start":{"line":151,"column":13},"end":{"line":151,"column":47}},"77":{"start":{"line":154,"column":18},"end":{"line":154,"column":66}},"78":{"start":{"line":155,"column":2},"end":{"line":155,"column":61}},"79":{"start":{"line":155,"column":16},"end":{"line":155,"column":61}},"80":{"start":{"line":160,"column":2},"end":{"line":162,"column":3}},"81":{"start":{"line":161,"column":4},"end":{"line":161,"column":68}},"82":{"start":{"line":165,"column":2},"end":{"line":167,"column":3}},"83":{"start":{"line":166,"column":4},"end":{"line":166,"column":76}},"84":{"start":{"line":170,"column":2},"end":{"line":172,"column":3}},"85":{"start":{"line":171,"column":4},"end":{"line":171,"column":76}},"86":{"start":{"line":175,"column":2},"end":{"line":177,"column":3}},"87":{"start":{"line":176,"column":4},"end":{"line":176,"column":66}},"88":{"start":{"line":180,"column":2},"end":{"line":184,"column":3}},"89":{"start":{"line":181,"column":4},"end":{"line":183,"column":6}},"90":{"start":{"line":187,"column":23},"end":{"line":187,"column":71}},"91":{"start":{"line":188,"column":2},"end":{"line":190,"column":3}},"92":{"start":{"line":189,"column":4},"end":{"line":189,"column":73}},"93":{"start":{"line":193,"column":15},"end":{"line":193,"column":49}},"94":{"start":{"line":194,"column":2},"end":{"line":194,"column":23}},"95":{"start":{"line":196,"column":2},"end":{"line":196,"column":20}},"96":{"start":{"line":198,"column":2},"end":{"line":198,"column":54}},"97":{"start":{"line":202,"column":0},"end":{"line":205,"column":2}},"98":{"start":{"line":203,"column":2},"end":{"line":203,"column":76}},"99":{"start":{"line":204,"column":2},"end":{"line":204,"column":45}},"100":{"start":{"line":208,"column":0},"end":{"line":217,"column":2}},"101":{"start":{"line":209,"column":15},"end":{"line":211,"column":11}},"102":{"start":{"line":212,"column":2},"end":{"line":212,"column":47}},"103":{"start":{"line":212,"column":13},"end":{"line":212,"column":47}},"104":{"start":{"line":213,"column":2},"end":{"line":216,"column":4}},"105":{"start":{"line":220,"column":0},"end":{"line":224,"column":2}},"106":{"start":{"line":221,"column":15},"end":{"line":221,"column":68}},"107":{"start":{"line":222,"column":2},"end":{"line":222,"column":47}},"108":{"start":{"line":222,"column":13},"end":{"line":222,"column":47}},"109":{"start":{"line":223,"column":2},"end":{"line":223,"column":29}},"110":{"start":{"line":229,"column":0},"end":{"line":233,"column":2}},"111":{"start":{"line":230,"column":2},"end":{"line":230,"column":80}},"112":{"start":{"line":230,"column":43},"end":{"line":230,"column":80}},"113":{"start":{"line":231,"column":2},"end":{"line":231,"column":75}},"114":{"start":{"line":232,"column":2},"end":{"line":232,"column":22}},"115":{"start":{"line":236,"column":0},"end":{"line":244,"column":2}},"116":{"start":{"line":237,"column":15},"end":{"line":237,"column":42}},"117":{"start":{"line":238,"column":2},"end":{"line":238,"column":47}},"118":{"start":{"line":238,"column":13},"end":{"line":238,"column":47}},"119":{"start":{"line":240,"column":2},"end":{"line":243,"column":4}}},"fnMap":{"0":{"name":"(anonymous_0)","decl":{"start":{"line":12,"column":30},"end":{"line":12,"column":31}},"loc":{"start":{"line":12,"column":56},"end":{"line":54,"column":1}},"line":12},"1":{"name":"(anonymous_1)","decl":{"start":{"line":59,"column":29},"end":{"line":59,"column":30}},"loc":{"start":{"line":59,"column":52},"end":{"line":73,"column":1}},"line":59},"2":{"name":"(anonymous_2)","decl":{"start":{"line":78,"column":27},"end":{"line":78,"column":28}},"loc":{"start":{"line":78,"column":53},"end":{"line":91,"column":1}},"line":78},"3":{"name":"(anonymous_3)","decl":{"start":{"line":96,"column":34},"end":{"line":96,"column":35}},"loc":{"start":{"line":96,"column":49},"end":{"line":112,"column":1}},"line":96},"4":{"name":"(anonymous_4)","decl":{"start":{"line":115,"column":35},"end":{"line":115,"column":36}},"loc":{"start":{"line":115,"column":71},"end":{"line":138,"column":1}},"line":115},"5":{"name":"(anonymous_5)","decl":{"start":{"line":141,"column":32},"end":{"line":141,"column":33}},"loc":{"start":{"line":145,"column":2},"end":{"line":199,"column":1}},"line":145},"6":{"name":"(anonymous_6)","decl":{"start":{"line":202,"column":33},"end":{"line":202,"column":34}},"loc":{"start":{"line":202,"column":67},"end":{"line":205,"column":1}},"line":202},"7":{"name":"(anonymous_7)","decl":{"start":{"line":208,"column":30},"end":{"line":208,"column":31}},"loc":{"start":{"line":208,"column":54},"end":{"line":217,"column":1}},"line":208},"8":{"name":"(anonymous_8)","decl":{"start":{"line":220,"column":29},"end":{"line":220,"column":30}},"loc":{"start":{"line":220,"column":53},"end":{"line":224,"column":1}},"line":220},"9":{"name":"(anonymous_9)","decl":{"start":{"line":229,"column":29},"end":{"line":229,"column":30}},"loc":{"start":{"line":229,"column":60},"end":{"line":233,"column":1}},"line":229},"10":{"name":"(anonymous_10)","decl":{"start":{"line":236,"column":32},"end":{"line":236,"column":33}},"loc":{"start":{"line":236,"column":56},"end":{"line":244,"column":1}},"line":236}},"branchMap":{"0":{"loc":{"start":{"line":13,"column":2},"end":{"line":15,"column":3}},"type":"if","locations":[{"start":{"line":13,"column":2},"end":{"line":15,"column":3}},{"start":{},"end":{}}],"line":13},"1":{"loc":{"start":{"line":13,"column":6},"end":{"line":13,"column":47}},"type":"binary-expr","locations":[{"start":{"line":13,"column":6},"end":{"line":13,"column":24}},{"start":{"line":13,"column":28},"end":{"line":13,"column":47}}],"line":13},"2":{"loc":{"start":{"line":16,"column":2},"end":{"line":18,"column":3}},"type":"if","locations":[{"start":{"line":16,"column":2},"end":{"line":18,"column":3}},{"start":{},"end":{}}],"line":16},"3":{"loc":{"start":{"line":23,"column":2},"end":{"line":23,"column":64}},"type":"if","locations":[{"start":{"line":23,"column":2},"end":{"line":23,"column":64}},{"start":{},"end":{}}],"line":23},"4":{"loc":{"start":{"line":38,"column":4},"end":{"line":38,"column":72}},"type":"if","locations":[{"start":{"line":38,"column":4},"end":{"line":38,"column":72}},{"start":{},"end":{}}],"line":38},"5":{"loc":{"start":{"line":65,"column":2},"end":{"line":65,"column":70}},"type":"if","locations":[{"start":{"line":65,"column":2},"end":{"line":65,"column":70}},{"start":{},"end":{}}],"line":65},"6":{"loc":{"start":{"line":81,"column":2},"end":{"line":81,"column":47}},"type":"if","locations":[{"start":{"line":81,"column":2},"end":{"line":81,"column":47}},{"start":{},"end":{}}],"line":81},"7":{"loc":{"start":{"line":82,"column":2},"end":{"line":82,"column":62}},"type":"if","locations":[{"start":{"line":82,"column":2},"end":{"line":82,"column":62}},{"start":{},"end":{}}],"line":82},"8":{"loc":{"start":{"line":85,"column":2},"end":{"line":85,"column":54}},"type":"if","locations":[{"start":{"line":85,"column":2},"end":{"line":85,"column":54}},{"start":{},"end":{}}],"line":85},"9":{"loc":{"start":{"line":98,"column":2},"end":{"line":98,"column":67}},"type":"if","locations":[{"start":{"line":98,"column":2},"end":{"line":98,"column":67}},{"start":{},"end":{}}],"line":98},"10":{"loc":{"start":{"line":101,"column":16},"end":{"line":101,"column":58}},"type":"cond-expr","locations":[{"start":{"line":101,"column":37},"end":{"line":101,"column":45}},{"start":{"line":101,"column":48},"end":{"line":101,"column":58}}],"line":101},"11":{"loc":{"start":{"line":107,"column":4},"end":{"line":109,"column":5}},"type":"if","locations":[{"start":{"line":107,"column":4},"end":{"line":109,"column":5}},{"start":{},"end":{}}],"line":107},"12":{"loc":{"start":{"line":117,"column":2},"end":{"line":117,"column":47}},"type":"if","locations":[{"start":{"line":117,"column":2},"end":{"line":117,"column":47}},{"start":{},"end":{}}],"line":117},"13":{"loc":{"start":{"line":120,"column":2},"end":{"line":124,"column":3}},"type":"if","locations":[{"start":{"line":120,"column":2},"end":{"line":124,"column":3}},{"start":{},"end":{}}],"line":120},"14":{"loc":{"start":{"line":127,"column":2},"end":{"line":129,"column":3}},"type":"if","locations":[{"start":{"line":127,"column":2},"end":{"line":129,"column":3}},{"start":{},"end":{}}],"line":127},"15":{"loc":{"start":{"line":146,"column":2},"end":{"line":148,"column":3}},"type":"if","locations":[{"start":{"line":146,"column":2},"end":{"line":148,"column":3}},{"start":{},"end":{}}],"line":146},"16":{"loc":{"start":{"line":146,"column":6},"end":{"line":146,"column":34}},"type":"binary-expr","locations":[{"start":{"line":146,"column":6},"end":{"line":146,"column":18}},{"start":{"line":146,"column":22},"end":{"line":146,"column":34}}],"line":146},"17":{"loc":{"start":{"line":151,"column":2},"end":{"line":151,"column":47}},"type":"if","locations":[{"start":{"line":151,"column":2},"end":{"line":151,"column":47}},{"start":{},"end":{}}],"line":151},"18":{"loc":{"start":{"line":155,"column":2},"end":{"line":155,"column":61}},"type":"if","locations":[{"start":{"line":155,"column":2},"end":{"line":155,"column":61}},{"start":{},"end":{}}],"line":155},"19":{"loc":{"start":{"line":160,"column":2},"end":{"line":162,"column":3}},"type":"if","locations":[{"start":{"line":160,"column":2},"end":{"line":162,"column":3}},{"start":{},"end":{}}],"line":160},"20":{"loc":{"start":{"line":165,"column":2},"end":{"line":167,"column":3}},"type":"if","locations":[{"start":{"line":165,"column":2},"end":{"line":167,"column":3}},{"start":{},"end":{}}],"line":165},"21":{"loc":{"start":{"line":170,"column":2},"end":{"line":172,"column":3}},"type":"if","locations":[{"start":{"line":170,"column":2},"end":{"line":172,"column":3}},{"start":{},"end":{}}],"line":170},"22":{"loc":{"start":{"line":175,"column":2},"end":{"line":177,"column":3}},"type":"if","locations":[{"start":{"line":175,"column":2},"end":{"line":177,"column":3}},{"start":{},"end":{}}],"line":175},"23":{"loc":{"start":{"line":180,"column":2},"end":{"line":184,"column":3}},"type":"if","locations":[{"start":{"line":180,"column":2},"end":{"line":184,"column":3}},{"start":{},"end":{}}],"line":180},"24":{"loc":{"start":{"line":188,"column":2},"end":{"line":190,"column":3}},"type":"if","locations":[{"start":{"line":188,"column":2},"end":{"line":190,"column":3}},{"start":{},"end":{}}],"line":188},"25":{"loc":{"start":{"line":212,"column":2},"end":{"line":212,"column":47}},"type":"if","locations":[{"start":{"line":212,"column":2},"end":{"line":212,"column":47}},{"start":{},"end":{}}],"line":212},"26":{"loc":{"start":{"line":214,"column":14},"end":{"line":214,"column":33}},"type":"binary-expr","locations":[{"start":{"line":214,"column":14},"end":{"line":214,"column":27}},{"start":{"line":214,"column":31},"end":{"line":214,"column":33}}],"line":214},"27":{"loc":{"start":{"line":215,"column":18},"end":{"line":215,"column":44}},"type":"binary-expr","locations":[{"start":{"line":215,"column":18},"end":{"line":215,"column":35}},{"start":{"line":215,"column":39},"end":{"line":215,"column":44}}],"line":215},"28":{"loc":{"start":{"line":222,"column":2},"end":{"line":222,"column":47}},"type":"if","locations":[{"start":{"line":222,"column":2},"end":{"line":222,"column":47}},{"start":{},"end":{}}],"line":222},"29":{"loc":{"start":{"line":223,"column":9},"end":{"line":223,"column":28}},"type":"binary-expr","locations":[{"start":{"line":223,"column":9},"end":{"line":223,"column":22}},{"start":{"line":223,"column":26},"end":{"line":223,"column":28}}],"line":223},"30":{"loc":{"start":{"line":230,"column":2},"end":{"line":230,"column":80}},"type":"if","locations":[{"start":{"line":230,"column":2},"end":{"line":230,"column":80}},{"start":{},"end":{}}],"line":230},"31":{"loc":{"start":{"line":230,"column":6},"end":{"line":230,"column":41}},"type":"binary-expr","locations":[{"start":{"line":230,"column":6},"end":{"line":230,"column":12}},{"start":{"line":230,"column":16},"end":{"line":230,"column":41}}],"line":230},"32":{"loc":{"start":{"line":238,"column":2},"end":{"line":238,"column":47}},"type":"if","locations":[{"start":{"line":238,"column":2},"end":{"line":238,"column":47}},{"start":{},"end":{}}],"line":238}},"s":{"0":13,"1":13,"2":13,"3":13,"4":13,"5":13,"6":13,"7":13,"8":5,"9":1,"10":4,"11":1,"12":3,"13":3,"14":3,"15":0,"16":3,"17":3,"18":3,"19":3,"20":1,"21":1,"22":0,"23":2,"24":2,"25":1,"26":2,"27":13,"28":2,"29":2,"30":1,"31":1,"32":1,"33":1,"34":1,"35":1,"36":13,"37":4,"38":4,"39":1,"40":3,"41":1,"42":2,"43":2,"44":1,"45":1,"46":1,"47":1,"48":13,"49":2,"50":2,"51":1,"52":1,"53":1,"54":1,"55":1,"56":1,"57":0,"58":0,"59":0,"60":13,"61":6,"62":6,"63":1,"64":5,"65":3,"66":3,"67":5,"68":2,"69":5,"70":5,"71":13,"72":10,"73":1,"74":9,"75":9,"76":1,"77":8,"78":8,"79":1,"80":7,"81":1,"82":6,"83":1,"84":5,"85":1,"86":4,"87":1,"88":3,"89":1,"90":2,"91":2,"92":1,"93":1,"94":1,"95":1,"96":1,"97":13,"98":0,"99":0,"100":13,"101":0,"102":0,"103":0,"104":0,"105":13,"106":0,"107":0,"108":0,"109":0,"110":13,"111":0,"112":0,"113":0,"114":0,"115":13,"116":0,"117":0,"118":0,"119":0},"f":{"0":5,"1":2,"2":4,"3":2,"4":6,"5":10,"6":0,"7":0,"8":0,"9":0,"10":0},"b":{"0":[1,4],"1":[5,4],"2":[1,3],"3":[0,3],"4":[1,0],"5":[1,1],"6":[1,3],"7":[1,2],"8":[1,1],"9":[1,1],"10":[1,0],"11":[0,0],"12":[1,5],"13":[3,2],"14":[2,3],"15":[1,9],"16":[10,9],"17":[1,8],"18":[1,7],"19":[1,6],"20":[1,5],"21":[1,4],"22":[1,3],"23":[1,2],"24":[1,1],"25":[0,0],"26":[0,0],"27":[0,0],"28":[0,0],"29":[0,0],"30":[0,0],"31":[0,0],"32":[0,0]},"_coverageSchema":"1a1c01bbd47fc00a2c39e90264f33305004495a9","hash":"f2df3dec0554efba89aa0edd3a47dd4c0b6296d1"}
,"C:\\Users\\s2003\\Documents\\Winter_2026\\PRJ666\\code\\scriptorium-backend\\services\\yarn-service.js": {"path":"C:\\Users\\s2003\\Documents\\Winter_2026\\PRJ666\\code\\scriptorium-backend\\services\\yarn-service.js","statementMap":{"0":{"start":{"line":2,"column":13},"end":{"line":2,"column":38}},"1":{"start":{"line":6,"column":19},"end":{"line":12,"column":1}},"2":{"start":{"line":20,"column":2},"end":{"line":20,"column":42}},"3":{"start":{"line":20,"column":30},"end":{"line":20,"column":42}},"4":{"start":{"line":22,"column":2},"end":{"line":29,"column":4}},"5":{"start":{"line":38,"column":2},"end":{"line":38,"column":56}},"6":{"start":{"line":42,"column":2},"end":{"line":42,"column":58}},"7":{"start":{"line":48,"column":2},"end":{"line":48,"column":58}},"8":{"start":{"line":53,"column":2},"end":{"line":53,"column":61}},"9":{"start":{"line":58,"column":2},"end":{"line":58,"column":50}},"10":{"start":{"line":58,"column":38},"end":{"line":58,"column":50}},"11":{"start":{"line":59,"column":2},"end":{"line":59,"column":64}},"12":{"start":{"line":66,"column":2},"end":{"line":66,"column":73}},"13":{"start":{"line":66,"column":30},"end":{"line":66,"column":73}},"14":{"start":{"line":68,"column":15},"end":{"line":68,"column":51}},"15":{"start":{"line":69,"column":2},"end":{"line":71,"column":3}},"16":{"start":{"line":70,"column":4},"end":{"line":70,"column":40}},"17":{"start":{"line":73,"column":2},"end":{"line":73,"column":25}},"18":{"start":{"line":74,"column":2},"end":{"line":74,"column":27}},"19":{"start":{"line":80,"column":15},"end":{"line":80,"column":51}},"20":{"start":{"line":81,"column":2},"end":{"line":81,"column":54}},"21":{"start":{"line":81,"column":13},"end":{"line":81,"column":54}},"22":{"start":{"line":82,"column":2},"end":{"line":82,"column":14}},"23":{"start":{"line":87,"column":0},"end":{"line":96,"column":2}}},"fnMap":{"0":{"name":"_addYarns","decl":{"start":{"line":19,"column":15},"end":{"line":19,"column":24}},"loc":{"start":{"line":19,"column":41},"end":{"line":30,"column":1}},"line":19},"1":{"name":"onReflectionWritten","decl":{"start":{"line":37,"column":15},"end":{"line":37,"column":34}},"loc":{"start":{"line":37,"column":43},"end":{"line":39,"column":1}},"line":37},"2":{"name":"onGoalProgressUpdated","decl":{"start":{"line":41,"column":15},"end":{"line":41,"column":36}},"loc":{"start":{"line":41,"column":45},"end":{"line":43,"column":1}},"line":41},"3":{"name":"onGoalCompleted","decl":{"start":{"line":45,"column":15},"end":{"line":45,"column":30}},"loc":{"start":{"line":45,"column":39},"end":{"line":49,"column":1}},"line":45},"4":{"name":"onStreakMilestone","decl":{"start":{"line":51,"column":15},"end":{"line":51,"column":32}},"loc":{"start":{"line":51,"column":41},"end":{"line":54,"column":1}},"line":51},"5":{"name":"onBadgeEarned","decl":{"start":{"line":56,"column":15},"end":{"line":56,"column":28}},"loc":{"start":{"line":56,"column":49},"end":{"line":60,"column":1}},"line":56},"6":{"name":"spendYarns","decl":{"start":{"line":65,"column":15},"end":{"line":65,"column":25}},"loc":{"start":{"line":65,"column":42},"end":{"line":75,"column":1}},"line":65},"7":{"name":"getYarns","decl":{"start":{"line":79,"column":15},"end":{"line":79,"column":23}},"loc":{"start":{"line":79,"column":32},"end":{"line":83,"column":1}},"line":79}},"branchMap":{"0":{"loc":{"start":{"line":20,"column":2},"end":{"line":20,"column":42}},"type":"if","locations":[{"start":{"line":20,"column":2},"end":{"line":20,"column":42}},{"start":{},"end":{}}],"line":20},"1":{"loc":{"start":{"line":20,"column":6},"end":{"line":20,"column":28}},"type":"binary-expr","locations":[{"start":{"line":20,"column":6},"end":{"line":20,"column":13}},{"start":{"line":20,"column":17},"end":{"line":20,"column":28}}],"line":20},"2":{"loc":{"start":{"line":58,"column":2},"end":{"line":58,"column":50}},"type":"if","locations":[{"start":{"line":58,"column":2},"end":{"line":58,"column":50}},{"start":{},"end":{}}],"line":58},"3":{"loc":{"start":{"line":58,"column":6},"end":{"line":58,"column":36}},"type":"binary-expr","locations":[{"start":{"line":58,"column":6},"end":{"line":58,"column":17}},{"start":{"line":58,"column":21},"end":{"line":58,"column":36}}],"line":58},"4":{"loc":{"start":{"line":66,"column":2},"end":{"line":66,"column":73}},"type":"if","locations":[{"start":{"line":66,"column":2},"end":{"line":66,"column":73}},{"start":{},"end":{}}],"line":66},"5":{"loc":{"start":{"line":66,"column":6},"end":{"line":66,"column":28}},"type":"binary-expr","locations":[{"start":{"line":66,"column":6},"end":{"line":66,"column":13}},{"start":{"line":66,"column":17},"end":{"line":66,"column":28}}],"line":66},"6":{"loc":{"start":{"line":69,"column":2},"end":{"line":71,"column":3}},"type":"if","locations":[{"start":{"line":69,"column":2},"end":{"line":71,"column":3}},{"start":{},"end":{}}],"line":69},"7":{"loc":{"start":{"line":69,"column":6},"end":{"line":69,"column":36}},"type":"binary-expr","locations":[{"start":{"line":69,"column":6},"end":{"line":69,"column":11}},{"start":{"line":69,"column":15},"end":{"line":69,"column":36}}],"line":69},"8":{"loc":{"start":{"line":81,"column":2},"end":{"line":81,"column":54}},"type":"if","locations":[{"start":{"line":81,"column":2},"end":{"line":81,"column":54}},{"start":{},"end":{}}],"line":81}},"s":{"0":33,"1":33,"2":8,"3":0,"4":8,"5":2,"6":1,"7":1,"8":2,"9":3,"10":1,"11":2,"12":4,"13":1,"14":3,"15":3,"16":2,"17":1,"18":1,"19":2,"20":2,"21":1,"22":1,"23":33},"f":{"0":8,"1":2,"2":1,"3":1,"4":2,"5":3,"6":4,"7":2},"b":{"0":[0,8],"1":[8,8],"2":[1,2],"3":[3,2],"4":[1,3],"5":[4,3],"6":[2,1],"7":[3,2],"8":[1,1]},"_coverageSchema":"1a1c01bbd47fc00a2c39e90264f33305004495a9","hash":"12dc53eb03a3196221f89dddb3e39c6ecc95b053"}
}
