TN:
SF:models\Badge.js
FNF:0
FNH:0
DA:1,28
DA:7,28
DA:42,28
DA:44,28
LF:4
LH:4
BRF:0
BRH:0
end_of_record
TN:
SF:models\Book.js
FNF:0
FNH:0
DA:3,29
DA:5,29
DA:45,29
DA:46,29
DA:47,29
DA:49,29
LF:6
LH:6
BRF:0
BRH:0
end_of_record
TN:
SF:models\Bookshelf.js
FNF:0
FNH:0
DA:3,29
DA:4,29
DA:6,29
DA:18,29
LF:4
LH:4
BRF:0
BRH:0
end_of_record
TN:
SF:models\Goal.js
FNF:0
FNH:0
DA:1,2
DA:3,2
DA:37,2
LF:3
LH:3
BRF:0
BRH:0
end_of_record
TN:
SF:models\Movie.js
FNF:0
FNH:0
DA:1,28
DA:3,28
DA:64,28
DA:67,28
DA:68,28
DA:70,28
LF:6
LH:6
BRF:0
BRH:0
end_of_record
TN:
SF:models\Movieshelf.js
FNF:0
FNH:0
DA:1,28
DA:2,28
DA:4,28
DA:16,28
LF:4
LH:4
BRF:0
BRH:0
end_of_record
TN:
SF:models\Music.js
FNF:0
FNH:0
DA:3,29
DA:5,29
DA:41,29
DA:43,29
LF:4
LH:4
BRF:0
BRH:0
end_of_record
TN:
SF:models\MusicShelf.js
FNF:0
FNH:0
DA:1,29
DA:2,29
DA:4,29
DA:16,29
LF:4
LH:4
BRF:0
BRH:0
end_of_record
TN:
SF:models\Reflection.js
FN:76,(anonymous_0)
FNF:1
FNH:1
FNDA:3,(anonymous_0)
DA:1,3
DA:3,3
DA:21,3
DA:74,3
DA:76,3
DA:77,3
DA:82,2
DA:83,1
DA:88,3
LF:9
LH:9
BRDA:77,0,0,2
BRDA:77,0,1,1
BRDA:78,1,0,3
BRDA:78,1,1,2
BRDA:78,1,2,2
BRDA:82,2,0,1
BRDA:82,2,1,1
BRF:7
BRH:7
end_of_record
TN:
SF:models\Streak.js
FNF:0
FNH:0
DA:1,5
DA:4,5
DA:30,5
LF:3
LH:3
BRF:0
BRH:0
end_of_record
TN:
SF:models\User.js
FNF:0
FNH:0
DA:1,28
DA:2,28
DA:3,28
DA:4,28
DA:6,28
DA:81,28
LF:6
LH:6
BRF:0
BRH:0
end_of_record
TN:
SF:models\Yarn.js
FNF:0
FNH:0
DA:2,33
DA:4,33
DA:23,33
LF:3
LH:3
BRF:0
BRH:0
end_of_record
TN:
SF:routes\avatars.js
FN:10,(anonymous_0)
FN:23,(anonymous_1)
FN:48,(anonymous_2)
FNF:3
FNH:3
FNDA:2,(anonymous_0)
FNDA:6,(anonymous_1)
FNDA:5,(anonymous_2)
DA:2,1
DA:3,1
DA:4,1
DA:5,1
DA:10,1
DA:11,2
DA:12,2
DA:13,1
DA:14,1
DA:16,1
DA:23,1
DA:24,6
DA:25,6
DA:26,6
DA:28,6
DA:30,5
DA:31,1
DA:34,4
DA:41,4
DA:48,1
DA:49,5
DA:50,5
DA:51,5
DA:53,5
DA:55,4
DA:56,1
DA:59,3
DA:64,3
DA:68,1
LF:29
LH:29
BRDA:13,0,0,1
BRDA:13,0,1,0
BRDA:28,1,0,1
BRDA:28,1,1,5
BRDA:30,2,0,5
BRDA:30,2,1,0
BRDA:34,3,0,1
BRDA:34,3,1,3
BRDA:36,4,0,1
BRDA:36,4,1,2
BRDA:38,5,0,1
BRDA:38,5,1,1
BRDA:53,6,0,1
BRDA:53,6,1,4
BRDA:55,7,0,4
BRDA:55,7,1,0
BRDA:59,8,0,1
BRDA:59,8,1,2
BRDA:61,9,0,1
BRDA:61,9,1,1
BRF:20
BRH:17
end_of_record
TN:
SF:routes\badges.js
FN:8,(anonymous_0)
FN:20,(anonymous_1)
FN:33,(anonymous_2)
FNF:3
FNH:3
FNDA:2,(anonymous_0)
FNDA:2,(anonymous_1)
FNDA:4,(anonymous_2)
DA:1,1
DA:2,1
DA:3,1
DA:4,1
DA:8,1
DA:9,2
DA:10,2
DA:11,1
DA:12,1
DA:14,1
DA:20,1
DA:21,2
DA:22,2
DA:23,1
DA:25,1
DA:33,1
DA:34,4
DA:35,4
DA:36,4
DA:37,4
DA:39,3
DA:40,2
DA:41,1
DA:43,1
DA:45,1
DA:49,1
LF:26
LH:26
BRDA:37,0,0,1
BRDA:37,0,1,3
BRDA:40,1,0,1
BRDA:40,1,1,1
BRF:4
BRH:4
end_of_record
TN:
SF:routes\books.js
FN:12,(anonymous_0)
FN:35,(anonymous_1)
FN:69,(anonymous_2)
FN:79,(anonymous_3)
FN:91,(anonymous_4)
FN:104,(anonymous_5)
FN:114,(anonymous_6)
FN:130,(anonymous_7)
FN:150,(anonymous_8)
FN:176,(anonymous_9)
FN:214,(anonymous_10)
FNF:11
FNH:10
FNDA:2,(anonymous_0)
FNDA:1,(anonymous_1)
FNDA:1,(anonymous_2)
FNDA:1,(anonymous_3)
FNDA:1,(anonymous_4)
FNDA:1,(anonymous_5)
FNDA:2,(anonymous_6)
FNDA:0,(anonymous_7)
FNDA:2,(anonymous_8)
FNDA:3,(anonymous_9)
FNDA:1,(anonymous_10)
DA:3,1
DA:4,1
DA:5,1
DA:6,1
DA:7,1
DA:9,1
DA:12,1
DA:13,2
DA:15,2
DA:16,1
DA:21,1
DA:22,1
DA:24,1
DA:25,1
DA:26,1
DA:28,1
DA:32,1
DA:35,1
DA:36,1
DA:37,1
DA:53,1
DA:59,0
DA:60,0
DA:69,1
DA:70,1
DA:71,1
DA:72,1
DA:74,0
DA:79,1
DA:80,1
DA:81,1
DA:83,1
DA:84,1
DA:86,0
DA:91,1
DA:92,1
DA:93,1
DA:94,1
DA:96,1
DA:97,1
DA:99,0
DA:104,1
DA:105,1
DA:106,1
DA:107,1
DA:109,0
DA:114,1
DA:115,2
DA:116,2
DA:117,2
DA:119,2
DA:120,1
DA:123,1
DA:124,0
DA:130,1
DA:132,1
DA:133,0
DA:137,1
DA:139,1
DA:145,0
DA:150,1
DA:151,2
DA:152,2
DA:154,2
DA:156,2
DA:157,1
DA:162,1
DA:168,1
DA:170,0
DA:171,0
DA:176,1
DA:177,3
DA:187,3
DA:189,3
DA:191,3
DA:193,3
DA:194,3
DA:195,3
DA:196,3
DA:197,3
DA:199,3
DA:200,1
DA:205,2
DA:207,2
DA:211,2
DA:214,1
DA:215,1
DA:217,1
DA:233,1
DA:239,1
DA:241,1
DA:247,1
LF:92
LH:81
BRDA:13,0,0,2
BRDA:13,1,0,2
BRDA:15,2,0,1
BRDA:15,2,1,1
BRDA:35,3,0,1
BRDA:35,3,1,0
BRDA:41,4,0,1
BRDA:41,4,1,0
BRDA:48,5,0,1
BRDA:48,5,1,1
BRDA:49,6,0,1
BRDA:49,6,1,1
BRDA:54,7,0,1
BRDA:54,7,1,1
BRDA:119,8,0,1
BRDA:119,8,1,1
BRDA:123,9,0,0
BRDA:123,9,1,1
BRDA:123,10,0,1
BRDA:123,10,1,1
BRDA:132,11,0,0
BRDA:132,11,1,1
BRDA:156,12,0,1
BRDA:156,12,1,1
BRDA:156,13,0,2
BRDA:156,13,1,2
BRDA:184,14,0,3
BRDA:185,15,0,3
BRDA:186,16,0,3
BRDA:193,17,0,1
BRDA:193,17,1,2
BRDA:194,18,0,0
BRDA:194,18,1,3
BRDA:195,19,0,1
BRDA:195,19,1,2
BRDA:196,20,0,0
BRDA:196,20,1,3
BRDA:197,21,0,0
BRDA:197,21,1,3
BRDA:199,22,0,1
BRDA:199,22,1,2
BRDA:214,23,0,1
BRDA:214,23,1,0
BRDA:221,24,0,1
BRDA:221,24,1,0
BRDA:228,25,0,1
BRDA:228,25,1,1
BRDA:229,26,0,1
BRDA:229,26,1,1
BRDA:234,27,0,1
BRDA:234,27,1,0
BRF:51
BRH:41
end_of_record
TN:
SF:routes\goals.js
FN:8,(anonymous_0)
FN:20,(anonymous_1)
FN:49,(anonymous_2)
FN:81,(anonymous_3)
FN:104,(anonymous_4)
FNF:5
FNH:5
FNDA:2,(anonymous_0)
FNDA:1,(anonymous_1)
FNDA:2,(anonymous_2)
FNDA:1,(anonymous_3)
FNDA:2,(anonymous_4)
DA:1,1
DA:2,1
DA:4,1
DA:5,1
DA:8,1
DA:9,2
DA:10,2
DA:11,1
DA:13,1
DA:15,1
DA:20,1
DA:21,1
DA:22,1
DA:23,1
DA:25,1
DA:26,0
DA:31,1
DA:39,1
DA:44,0
DA:49,1
DA:50,2
DA:51,2
DA:53,2
DA:55,2
DA:56,1
DA:61,1
DA:67,1
DA:68,0
DA:71,1
DA:76,0
DA:81,1
DA:82,1
DA:83,1
DA:85,1
DA:87,1
DA:95,1
DA:97,1
DA:99,0
DA:104,1
DA:105,2
DA:106,2
DA:108,2
DA:110,2
DA:111,1
DA:114,1
DA:118,0
DA:122,1
LF:47
LH:41
BRDA:23,0,0,1
BRDA:23,1,0,1
BRDA:25,2,0,0
BRDA:25,2,1,1
BRDA:25,3,0,1
BRDA:25,3,1,1
BRDA:25,3,2,1
BRDA:55,4,0,1
BRDA:55,4,1,1
BRDA:55,5,0,2
BRDA:55,5,1,2
BRDA:67,6,0,0
BRDA:67,6,1,1
BRDA:95,7,0,0
BRDA:95,7,1,1
BRDA:110,8,0,1
BRDA:110,8,1,1
BRF:17
BRH:14
end_of_record
TN:
SF:routes\movies.js
FN:11,(anonymous_0)
FN:30,(anonymous_1)
FN:52,(anonymous_2)
FN:64,(anonymous_3)
FN:77,(anonymous_4)
FN:92,(anonymous_5)
FN:104,(anonymous_6)
FN:122,(anonymous_7)
FN:148,(anonymous_8)
FN:175,(anonymous_9)
FN:202,(anonymous_10)
FNF:11
FNH:10
FNDA:3,(anonymous_0)
FNDA:1,(anonymous_1)
FNDA:1,(anonymous_2)
FNDA:1,(anonymous_3)
FNDA:1,(anonymous_4)
FNDA:1,(anonymous_5)
FNDA:2,(anonymous_6)
FNDA:0,(anonymous_7)
FNDA:2,(anonymous_8)
FNDA:7,(anonymous_9)
FNDA:5,(anonymous_10)
DA:1,2
DA:2,2
DA:3,2
DA:5,2
DA:6,2
DA:11,2
DA:12,3
DA:14,3
DA:15,1
DA:20,2
DA:21,2
DA:22,2
DA:24,2
DA:26,2
DA:27,1
DA:30,1
DA:38,1
DA:44,0
DA:45,0
DA:52,2
DA:53,1
DA:54,1
DA:55,1
DA:57,0
DA:64,2
DA:65,1
DA:66,1
DA:67,1
DA:68,1
DA:70,0
DA:77,2
DA:78,1
DA:79,1
DA:80,1
DA:82,1
DA:83,1
DA:85,0
DA:92,2
DA:93,1
DA:94,1
DA:95,1
DA:97,0
DA:104,2
DA:105,2
DA:106,2
DA:107,2
DA:109,2
DA:110,1
DA:113,1
DA:114,0
DA:120,1
DA:122,0
DA:124,1
DA:125,0
DA:129,1
DA:135,1
DA:141,0
DA:148,2
DA:149,2
DA:150,2
DA:151,2
DA:153,2
DA:154,1
DA:159,1
DA:165,1
DA:167,0
DA:168,0
DA:175,2
DA:176,7
DA:177,7
DA:178,7
DA:180,7
DA:181,1
DA:184,6
DA:185,1
DA:191,5
DA:192,5
DA:196,5
DA:198,5
DA:199,1
DA:202,5
DA:211,4
DA:212,3
DA:213,3
DA:214,3
DA:217,3
DA:218,3
DA:219,3
DA:220,2
DA:222,3
DA:223,1
DA:225,3
DA:227,3
DA:230,4
DA:236,0
DA:237,0
DA:244,2
LF:97
LH:83
BRDA:12,0,0,3
BRDA:14,1,0,1
BRDA:14,1,1,2
BRDA:26,2,0,1
BRDA:26,2,1,1
BRDA:39,3,0,1
BRDA:39,3,1,1
BRDA:109,4,0,1
BRDA:109,4,1,1
BRDA:113,5,0,0
BRDA:113,5,1,1
BRDA:113,6,0,1
BRDA:113,6,1,1
BRDA:124,7,0,0
BRDA:124,7,1,1
BRDA:153,8,0,1
BRDA:153,8,1,1
BRDA:153,9,0,2
BRDA:153,9,1,2
BRDA:177,10,0,7
BRDA:180,11,0,1
BRDA:180,11,1,6
BRDA:184,12,0,1
BRDA:184,12,1,5
BRDA:184,13,0,6
BRDA:184,13,1,4
BRDA:184,13,2,4
BRDA:184,13,3,2
BRDA:184,13,4,1
BRDA:191,14,0,5
BRDA:191,14,1,3
BRDA:191,14,2,3
BRDA:194,15,0,0
BRDA:194,15,1,5
BRDA:194,16,0,0
BRDA:194,16,1,5
BRDA:198,17,0,1
BRDA:198,17,1,4
BRDA:211,18,0,3
BRDA:211,18,1,1
BRDA:211,19,0,4
BRDA:211,19,1,2
BRDA:219,20,0,2
BRDA:219,20,1,1
BRDA:221,21,0,2
BRDA:221,21,1,2
BRDA:222,22,0,1
BRDA:222,22,1,2
BRDA:224,23,0,1
BRDA:224,23,1,1
BRDA:225,24,0,2
BRDA:225,24,1,1
BRF:52
BRH:48
end_of_record
TN:
SF:routes\music.js
FN:12,(anonymous_0)
FN:37,(anonymous_1)
FN:75,(anonymous_2)
FN:84,(anonymous_3)
FN:96,(anonymous_4)
FN:108,(anonymous_5)
FN:118,(anonymous_6)
FN:138,(anonymous_7)
FN:162,(anonymous_8)
FN:180,(anonymous_9)
FN:213,(anonymous_10)
FNF:11
FNH:9
FNDA:2,(anonymous_0)
FNDA:1,(anonymous_1)
FNDA:1,(anonymous_2)
FNDA:1,(anonymous_3)
FNDA:0,(anonymous_4)
FNDA:1,(anonymous_5)
FNDA:1,(anonymous_6)
FNDA:0,(anonymous_7)
FNDA:1,(anonymous_8)
FNDA:3,(anonymous_9)
FNDA:1,(anonymous_10)
DA:3,1
DA:4,1
DA:5,1
DA:7,1
DA:8,1
DA:12,1
DA:13,2
DA:15,2
DA:16,1
DA:21,1
DA:22,1
DA:23,1
DA:24,1
DA:26,1
DA:30,1
DA:37,1
DA:38,1
DA:39,1
DA:42,1
DA:46,1
DA:63,1
DA:69,0
DA:70,0
DA:75,1
DA:76,1
DA:77,1
DA:78,1
DA:80,0
DA:84,1
DA:85,1
DA:86,1
DA:87,1
DA:89,1
DA:90,1
DA:92,0
DA:96,1
DA:97,0
DA:98,0
DA:100,0
DA:101,0
DA:103,0
DA:108,1
DA:109,1
DA:110,1
DA:111,1
DA:113,0
DA:118,1
DA:119,1
DA:120,1
DA:121,1
DA:124,1
DA:125,0
DA:129,1
DA:130,0
DA:136,1
DA:138,0
DA:140,1
DA:141,0
DA:145,1
DA:151,1
DA:157,0
DA:162,1
DA:163,1
DA:164,1
DA:165,1
DA:167,1
DA:173,1
DA:175,0
DA:180,1
DA:181,3
DA:182,3
DA:184,3
DA:186,3
DA:187,3
DA:188,3
DA:189,3
DA:190,3
DA:192,3
DA:193,1
DA:198,2
DA:199,2
DA:200,2
DA:202,2
DA:206,2
DA:213,1
DA:214,1
DA:215,1
DA:217,1
DA:221,1
DA:238,1
DA:244,1
DA:246,1
DA:253,1
LF:93
LH:77
BRDA:13,0,0,2
BRDA:13,1,0,2
BRDA:15,2,0,1
BRDA:15,2,1,1
BRDA:37,3,0,1
BRDA:37,3,1,0
BRDA:37,4,0,1
BRDA:37,4,1,0
BRDA:38,5,0,1
BRDA:38,5,1,0
BRDA:42,6,0,1
BRDA:42,6,1,0
BRDA:50,7,0,1
BRDA:50,7,1,0
BRDA:64,8,0,1
BRDA:64,8,1,1
BRDA:124,9,0,0
BRDA:124,9,1,1
BRDA:129,10,0,0
BRDA:129,10,1,1
BRDA:129,11,0,1
BRDA:129,11,1,1
BRDA:140,12,0,0
BRDA:140,12,1,1
BRDA:182,13,0,2
BRDA:182,14,0,2
BRDA:186,15,0,0
BRDA:186,15,1,3
BRDA:187,16,0,1
BRDA:187,16,1,2
BRDA:188,17,0,2
BRDA:188,17,1,1
BRDA:189,18,0,0
BRDA:189,18,1,3
BRDA:190,19,0,0
BRDA:190,19,1,3
BRDA:192,20,0,1
BRDA:192,20,1,2
BRDA:213,21,0,1
BRDA:213,21,1,0
BRDA:213,22,0,1
BRDA:213,22,1,0
BRDA:214,23,0,1
BRDA:214,23,1,0
BRDA:217,24,0,1
BRDA:217,24,1,0
BRDA:225,25,0,1
BRDA:225,25,1,0
BRDA:239,26,0,1
BRDA:239,26,1,0
BRF:50
BRH:33
end_of_record
TN:
SF:routes\recommendations.js
FN:13,(anonymous_0)
FN:18,(anonymous_1)
FN:38,(anonymous_2)
FN:42,(anonymous_3)
FN:64,(anonymous_4)
FN:105,(anonymous_5)
FN:123,(anonymous_6)
FN:126,(anonymous_7)
FN:151,(anonymous_8)
FN:218,(anonymous_9)
FN:238,(anonymous_10)
FN:241,(anonymous_11)
FN:266,(anonymous_12)
FNF:13
FNH:13
FNDA:27,(anonymous_0)
FNDA:5,(anonymous_1)
FNDA:13,(anonymous_2)
FNDA:6,(anonymous_3)
FNDA:3,(anonymous_4)
FNDA:4,(anonymous_5)
FNDA:1,(anonymous_6)
FNDA:3,(anonymous_7)
FNDA:3,(anonymous_8)
FNDA:4,(anonymous_9)
FNDA:1,(anonymous_10)
FNDA:3,(anonymous_11)
FNDA:3,(anonymous_12)
DA:2,1
DA:3,1
DA:4,1
DA:6,1
DA:7,1
DA:8,1
DA:9,1
DA:10,1
DA:13,27
DA:18,1
DA:19,5
DA:20,5
DA:21,5
DA:23,4
DA:30,4
DA:31,1
DA:37,3
DA:38,13
DA:41,3
DA:42,6
DA:56,3
DA:57,3
DA:58,0
DA:64,3
DA:66,3
DA:67,3
DA:69,3
DA:70,2
DA:71,2
DA:72,2
DA:74,1
DA:75,1
DA:77,1
DA:88,1
DA:92,3
DA:94,0
DA:95,0
DA:105,1
DA:106,4
DA:107,4
DA:108,4
DA:110,4
DA:115,4
DA:116,1
DA:122,3
DA:123,1
DA:126,3
DA:128,3
DA:143,3
DA:144,3
DA:145,0
DA:151,3
DA:153,3
DA:155,3
DA:156,2
DA:157,2
DA:164,2
DA:165,2
DA:171,1
DA:172,1
DA:173,1
DA:175,1
DA:176,1
DA:178,1
DA:198,1
DA:205,3
DA:207,0
DA:208,0
DA:218,1
DA:219,4
DA:220,4
DA:221,4
DA:223,4
DA:230,4
DA:231,1
DA:237,3
DA:238,1
DA:241,3
DA:243,3
DA:258,3
DA:259,3
DA:260,0
DA:266,3
DA:268,3
DA:269,3
DA:271,3
DA:272,2
DA:273,2
DA:280,2
DA:281,2
DA:283,1
DA:284,1
DA:286,1
DA:287,1
DA:289,1
DA:303,1
DA:310,3
DA:312,0
DA:313,0
DA:320,1
LF:100
LH:91
BRDA:21,0,0,1
BRDA:21,0,1,4
BRDA:30,1,0,1
BRDA:30,1,1,3
BRDA:57,2,0,0
BRDA:57,2,1,3
BRDA:71,3,0,2
BRDA:71,3,1,0
BRDA:74,4,0,0
BRDA:74,4,1,1
BRDA:74,5,0,1
BRDA:74,5,1,1
BRDA:75,6,0,0
BRDA:75,6,1,1
BRDA:108,7,0,0
BRDA:108,7,1,4
BRDA:115,8,0,1
BRDA:115,8,1,3
BRDA:126,9,0,3
BRDA:126,9,1,2
BRDA:144,10,0,0
BRDA:144,10,1,3
BRDA:158,11,0,2
BRDA:158,11,1,0
BRDA:159,12,0,2
BRDA:159,12,1,0
BRDA:172,13,0,0
BRDA:172,13,1,1
BRDA:173,14,0,0
BRDA:173,14,1,1
BRDA:175,15,0,1
BRDA:175,15,1,0
BRDA:182,16,0,1
BRDA:182,16,1,0
BRDA:182,16,2,0
BRDA:186,17,0,1
BRDA:186,17,1,0
BRDA:188,18,0,1
BRDA:188,18,1,0
BRDA:188,19,0,0
BRDA:188,19,1,0
BRDA:191,20,0,1
BRDA:191,20,1,0
BRDA:221,21,0,0
BRDA:221,21,1,4
BRDA:230,22,0,1
BRDA:230,22,1,3
BRDA:241,23,0,3
BRDA:241,23,1,2
BRDA:259,24,0,0
BRDA:259,24,1,3
BRDA:274,25,0,2
BRDA:274,25,1,0
BRDA:275,26,0,1
BRDA:275,26,1,1
BRDA:284,27,0,0
BRDA:284,27,1,1
BRDA:287,28,0,0
BRDA:287,28,1,1
BRDA:292,29,0,1
BRDA:292,29,1,0
BRDA:292,30,0,0
BRDA:292,30,1,0
BRDA:297,31,0,1
BRDA:297,31,1,1
BRDA:297,31,2,1
BRDA:298,32,0,1
BRDA:298,32,1,1
BRF:68
BRH:42
end_of_record
TN:
SF:routes\reflections.js
FN:8,(anonymous_0)
FN:68,(anonymous_1)
FN:80,(anonymous_2)
FN:97,(anonymous_3)
FN:109,(anonymous_4)
FN:119,(anonymous_5)
FN:135,(anonymous_6)
FN:159,(anonymous_7)
FNF:8
FNH:7
FNDA:2,(anonymous_0)
FNDA:1,(anonymous_1)
FNDA:0,(anonymous_2)
FNDA:1,(anonymous_3)
FNDA:2,(anonymous_4)
FNDA:2,(anonymous_5)
FNDA:1,(anonymous_6)
FNDA:1,(anonymous_7)
DA:2,1
DA:3,1
DA:4,1
DA:5,1
DA:8,1
DA:9,2
DA:10,2
DA:22,2
DA:25,2
DA:26,1
DA:32,1
DA:33,0
DA:39,1
DA:40,0
DA:45,1
DA:58,1
DA:63,0
DA:68,1
DA:69,1
DA:70,1
DA:73,1
DA:74,1
DA:77,1
DA:80,1
DA:83,1
DA:85,1
DA:92,0
DA:97,1
DA:98,1
DA:99,1
DA:100,1
DA:101,1
DA:103,1
DA:108,1
DA:109,2
DA:112,1
DA:114,0
DA:119,1
DA:120,2
DA:121,2
DA:122,2
DA:124,2
DA:125,1
DA:128,1
DA:130,0
DA:135,1
DA:136,1
DA:137,1
DA:138,1
DA:140,1
DA:141,0
DA:144,1
DA:149,1
DA:154,0
DA:159,1
DA:160,1
DA:161,1
DA:162,1
DA:164,1
DA:165,0
DA:168,1
DA:169,1
DA:171,0
DA:174,1
LF:64
LH:54
BRDA:15,0,0,2
BRDA:17,1,0,1
BRDA:18,2,0,1
BRDA:20,3,0,2
BRDA:21,4,0,2
BRDA:25,5,0,1
BRDA:25,5,1,1
BRDA:25,6,0,2
BRDA:25,6,1,1
BRDA:25,6,2,1
BRDA:32,7,0,0
BRDA:32,7,1,1
BRDA:32,8,0,1
BRDA:32,8,1,1
BRDA:39,9,0,0
BRDA:39,9,1,1
BRDA:39,10,0,1
BRDA:39,10,1,0
BRDA:73,11,0,1
BRDA:73,11,1,1
BRDA:74,12,0,1
BRDA:74,12,1,1
BRDA:124,13,0,1
BRDA:124,13,1,1
BRDA:140,14,0,0
BRDA:140,14,1,1
BRDA:164,15,0,0
BRDA:164,15,1,1
BRF:28
BRH:23
end_of_record
TN:
SF:routes\streaks.js
FN:8,(anonymous_0)
FN:21,(anonymous_1)
FN:33,(anonymous_2)
FNF:3
FNH:3
FNDA:2,(anonymous_0)
FNDA:2,(anonymous_1)
FNDA:2,(anonymous_2)
DA:1,1
DA:2,1
DA:3,1
DA:4,1
DA:8,1
DA:9,2
DA:10,2
DA:11,1
DA:12,1
DA:14,1
DA:21,1
DA:22,2
DA:23,2
DA:24,1
DA:25,1
DA:27,1
DA:33,1
DA:34,2
DA:35,2
DA:36,1
DA:37,1
DA:39,1
DA:43,1
LF:23
LH:23
BRF:0
BRH:0
end_of_record
TN:
SF:routes\user.js
FN:11,(anonymous_0)
FN:28,(anonymous_1)
FN:39,(anonymous_2)
FN:65,(anonymous_3)
FN:77,(anonymous_4)
FN:94,(anonymous_5)
FN:105,(anonymous_6)
FN:117,(anonymous_7)
FN:138,(anonymous_8)
FN:150,(anonymous_9)
FN:164,(anonymous_10)
FNF:11
FNH:5
FNDA:2,(anonymous_0)
FNDA:2,(anonymous_1)
FNDA:2,(anonymous_2)
FNDA:2,(anonymous_3)
FNDA:2,(anonymous_4)
FNDA:0,(anonymous_5)
FNDA:0,(anonymous_6)
FNDA:0,(anonymous_7)
FNDA:0,(anonymous_8)
FNDA:0,(anonymous_9)
FNDA:0,(anonymous_10)
DA:2,1
DA:3,1
DA:4,1
DA:6,1
DA:7,1
DA:8,1
DA:11,1
DA:12,2
DA:14,2
DA:16,1
DA:21,1
DA:23,1
DA:28,1
DA:29,2
DA:30,2
DA:31,2
DA:32,1
DA:34,1
DA:39,1
DA:40,2
DA:41,2
DA:43,1
DA:49,1
DA:53,1
DA:58,1
DA:65,1
DA:66,2
DA:67,2
DA:70,1
DA:72,1
DA:77,1
DA:78,2
DA:79,2
DA:81,2
DA:87,1
DA:89,1
DA:94,1
DA:95,0
DA:96,0
DA:97,0
DA:98,0
DA:101,0
DA:105,1
DA:106,0
DA:107,0
DA:109,0
DA:111,0
DA:113,0
DA:117,1
DA:118,0
DA:119,0
DA:121,0
DA:127,0
DA:129,0
DA:138,1
DA:139,0
DA:140,0
DA:141,0
DA:142,0
DA:144,0
DA:150,1
DA:151,0
DA:152,0
DA:153,0
DA:154,0
DA:155,0
DA:157,0
DA:164,1
DA:165,0
DA:166,0
DA:167,0
DA:168,0
DA:169,0
DA:170,0
DA:172,0
DA:176,1
LF:76
LH:43
BRDA:23,0,0,1
BRDA:23,0,1,0
BRDA:59,1,0,1
BRDA:59,1,1,0
BRDA:168,2,0,0
BRDA:168,2,1,0
BRF:6
BRH:2
end_of_record
TN:
SF:routes\yarns.js
FN:9,(anonymous_0)
FN:25,(anonymous_1)
FN:50,(anonymous_2)
FNF:3
FNH:3
FNDA:2,(anonymous_0)
FNDA:5,(anonymous_1)
FNDA:2,(anonymous_2)
DA:2,1
DA:3,1
DA:4,1
DA:5,1
DA:9,1
DA:10,2
DA:11,2
DA:12,1
DA:13,1
DA:18,1
DA:25,1
DA:26,5
DA:27,5
DA:28,4
DA:30,4
DA:31,1
DA:36,3
DA:37,1
DA:43,3
DA:44,3
DA:50,1
DA:51,2
DA:52,2
DA:53,1
DA:55,1
DA:59,1
LF:26
LH:26
BRDA:30,0,0,1
BRDA:30,0,1,3
BRDA:30,1,0,4
BRDA:30,1,1,3
BRDA:30,1,2,3
BRDA:43,2,0,1
BRDA:43,2,1,2
BRF:7
BRH:7
end_of_record
TN:
SF:services\avatar-service.js
FN:36,(anonymous_0)
FN:41,getAvatarState
FN:54,(anonymous_2)
FN:68,unlockAvatar
FN:91,equipAvatar
FNF:5
FNH:5
FNDA:20,(anonymous_0)
FNDA:3,getAvatarState
FNDA:20,(anonymous_2)
FNDA:6,unlockAvatar
FNDA:5,equipAvatar
DA:2,2
DA:3,2
DA:10,2
DA:36,20
DA:42,3
DA:45,3
DA:47,2
DA:49,2
DA:50,2
DA:53,2
DA:54,20
DA:60,2
DA:69,6
DA:70,6
DA:71,5
DA:73,4
DA:74,4
DA:76,3
DA:77,3
DA:80,2
DA:83,1
DA:84,1
DA:86,1
DA:92,5
DA:93,5
DA:95,4
DA:96,4
DA:98,3
DA:99,3
DA:101,2
DA:102,2
DA:104,2
DA:109,2
LF:33
LH:33
BRDA:45,0,0,1
BRDA:45,0,1,2
BRDA:47,1,0,2
BRDA:47,1,1,0
BRDA:49,2,0,2
BRDA:49,2,1,0
BRDA:61,3,0,2
BRDA:61,3,1,1
BRDA:70,4,0,1
BRDA:70,4,1,5
BRDA:71,5,0,1
BRDA:71,5,1,4
BRDA:74,6,0,1
BRDA:74,6,1,3
BRDA:76,7,0,3
BRDA:76,7,1,0
BRDA:77,8,0,1
BRDA:77,8,1,2
BRDA:93,9,0,1
BRDA:93,9,1,4
BRDA:96,10,0,1
BRDA:96,10,1,3
BRDA:98,11,0,3
BRDA:98,11,1,2
BRDA:98,12,0,3
BRDA:98,12,1,0
BRDA:99,13,0,1
BRDA:99,13,1,2
BRF:28
BRH:24
end_of_record
TN:
SF:services\badge-service.js
FN:165,(anonymous_0)
FN:171,awardIfNew
FN:195,onStreakUpdate
FN:214,onReflectionCreated
FN:226,onMediaSaved
FN:238,onGoalCreated
FN:245,onGoalCompleted
FN:257,onUserJoined
FN:273,getBadgesForUser
FN:277,getBadgeCatalogue
FNF:10
FNH:10
FNDA:504,(anonymous_0)
FNDA:17,awardIfNew
FNDA:2,onStreakUpdate
FNDA:1,onReflectionCreated
FNDA:1,onMediaSaved
FNDA:2,onGoalCreated
FNDA:1,onGoalCompleted
FNDA:2,onUserJoined
FNDA:1,getBadgesForUser
FNDA:1,getBadgeCatalogue
DA:1,28
DA:2,28
DA:8,28
DA:165,504
DA:172,17
DA:173,17
DA:176,16
DA:177,16
DA:179,13
DA:188,13
DA:196,2
DA:198,2
DA:199,2
DA:200,10
DA:201,2
DA:202,2
DA:206,2
DA:207,1
DA:208,1
DA:211,2
DA:215,1
DA:216,1
DA:217,1
DA:218,4
DA:219,2
DA:220,2
DA:223,1
DA:227,1
DA:228,1
DA:229,1
DA:230,4
DA:231,3
DA:232,3
DA:235,1
DA:239,2
DA:240,2
DA:241,2
DA:242,2
DA:246,1
DA:247,1
DA:248,1
DA:249,2
DA:250,2
DA:251,2
DA:254,1
DA:258,2
DA:259,2
DA:262,1
DA:263,1
DA:265,1
DA:268,1
DA:274,1
DA:278,1
DA:281,28
LF:54
LH:54
BRDA:173,0,0,1
BRDA:173,0,1,16
BRDA:177,1,0,3
BRDA:177,1,1,13
BRDA:200,2,0,2
BRDA:200,2,1,8
BRDA:202,3,0,2
BRDA:202,3,1,0
BRDA:206,4,0,1
BRDA:206,4,1,1
BRDA:208,5,0,1
BRDA:208,5,1,0
BRDA:218,6,0,2
BRDA:218,6,1,2
BRDA:220,7,0,2
BRDA:220,7,1,0
BRDA:230,8,0,3
BRDA:230,8,1,1
BRDA:232,9,0,3
BRDA:232,9,1,0
BRDA:241,10,0,1
BRDA:241,10,1,1
BRDA:249,11,0,2
BRDA:249,11,1,0
BRDA:251,12,0,2
BRDA:251,12,1,0
BRDA:259,13,0,1
BRDA:259,13,1,1
BRF:28
BRH:22
end_of_record
TN:
SF:services\book-service.js
FN:8,saveBook
FN:17,getBookById
FN:24,getBooksByIds
FN:29,addBookToShelf
FN:41,(anonymous_4)
FN:67,getUserShelf
FN:77,(anonymous_6)
FN:84,getAllUserShelves
FN:88,(anonymous_8)
FN:89,(anonymous_9)
FN:102,removeBookFromShelf
FN:114,(anonymous_11)
FN:118,(anonymous_12)
FNF:13
FNH:13
FNDA:2,saveBook
FNDA:2,getBookById
FNDA:6,getBooksByIds
FNDA:3,addBookToShelf
FNDA:1,(anonymous_4)
FNDA:3,getUserShelf
FNDA:1,(anonymous_6)
FNDA:1,getAllUserShelves
FNDA:4,(anonymous_8)
FNDA:7,(anonymous_9)
FNDA:3,removeBookFromShelf
FNDA:2,(anonymous_11)
FNDA:1,(anonymous_12)
DA:2,3
DA:3,3
DA:4,3
DA:5,3
DA:9,2
DA:10,2
DA:12,1
DA:13,1
DA:18,2
DA:19,2
DA:20,1
DA:25,6
DA:30,3
DA:32,3
DA:33,1
DA:38,2
DA:39,2
DA:41,2
DA:43,2
DA:44,1
DA:45,1
DA:48,2
DA:50,2
DA:51,2
DA:52,2
DA:55,2
DA:56,2
DA:57,0
DA:59,2
DA:63,2
DA:68,3
DA:70,3
DA:71,1
DA:74,2
DA:75,2
DA:77,2
DA:78,2
DA:80,1
DA:85,1
DA:86,1
DA:88,1
DA:89,7
DA:90,4
DA:93,1
DA:103,3
DA:105,3
DA:106,1
DA:111,2
DA:112,2
DA:114,2
DA:115,2
DA:117,2
DA:118,2
DA:120,2
DA:121,1
DA:124,1
DA:125,1
DA:128,3
LF:58
LH:57
BRDA:10,0,0,1
BRDA:10,0,1,1
BRDA:19,1,0,1
BRDA:19,1,1,1
BRDA:32,2,0,1
BRDA:32,2,1,2
BRDA:39,3,0,0
BRDA:39,3,1,2
BRDA:43,4,0,1
BRDA:43,4,1,1
BRDA:50,5,0,2
BRDA:50,5,1,0
BRDA:70,6,0,1
BRDA:70,6,1,2
BRDA:75,7,0,0
BRDA:75,7,1,2
BRDA:78,8,0,1
BRDA:78,8,1,1
BRDA:86,9,0,0
BRDA:86,9,1,1
BRDA:90,10,0,4
BRDA:90,10,1,2
BRDA:105,11,0,1
BRDA:105,11,1,2
BRDA:112,12,0,0
BRDA:112,12,1,2
BRDA:115,13,0,0
BRDA:115,13,1,2
BRDA:120,14,0,1
BRDA:120,14,1,1
BRF:30
BRH:24
end_of_record
TN:
SF:services\email-service.js
FN:3,(anonymous_0)
FN:15,(anonymous_1)
FN:32,(anonymous_2)
FN:51,(anonymous_3)
FNF:4
FNH:4
FNDA:8,(anonymous_0)
FNDA:3,(anonymous_1)
FNDA:1,(anonymous_2)
FNDA:4,(anonymous_3)
DA:1,3
DA:3,3
DA:4,8
DA:15,3
DA:16,3
DA:18,3
DA:20,3
DA:32,3
DA:33,1
DA:35,1
DA:37,1
DA:51,3
DA:52,4
DA:53,4
LF:14
LH:14
BRDA:56,0,0,4
BRDA:56,0,1,2
BRDA:57,1,0,4
BRDA:57,1,1,2
BRDA:66,2,0,4
BRDA:66,2,1,2
BRDA:70,3,0,4
BRDA:70,3,1,2
BRF:8
BRH:8
end_of_record
TN:
SF:services\goal-service.js
FN:7,(anonymous_0)
FN:11,(anonymous_1)
FN:42,(anonymous_2)
FN:94,(anonymous_3)
FN:150,(anonymous_4)
FNF:5
FNH:3
FNDA:0,(anonymous_0)
FNDA:3,(anonymous_1)
FNDA:4,(anonymous_2)
FNDA:4,(anonymous_3)
FNDA:0,(anonymous_4)
DA:2,2
DA:3,2
DA:4,2
DA:5,2
DA:7,2
DA:8,0
DA:11,2
DA:12,3
DA:13,3
DA:16,3
DA:17,3
DA:22,2
DA:24,2
DA:28,2
DA:29,2
DA:31,1
DA:35,1
DA:36,1
DA:39,3
DA:42,2
DA:43,4
DA:44,4
DA:46,4
DA:47,4
DA:49,4
DA:50,4
DA:52,4
DA:55,4
DA:56,4
DA:57,3
DA:58,3
DA:60,3
DA:61,1
DA:65,1
DA:71,3
DA:74,3
DA:75,3
DA:76,3
DA:77,1
DA:78,3
DA:80,3
DA:81,3
DA:83,1
DA:87,1
DA:88,1
DA:91,4
DA:94,2
DA:95,4
DA:96,4
DA:98,4
DA:100,4
DA:101,4
DA:102,4
DA:103,4
DA:104,4
DA:105,3
DA:108,4
DA:109,4
DA:112,4
DA:113,4
DA:114,3
DA:115,3
DA:117,3
DA:118,2
DA:122,2
DA:128,3
DA:130,3
DA:131,3
DA:132,3
DA:133,2
DA:134,3
DA:136,3
DA:137,3
DA:139,1
DA:143,1
DA:144,1
DA:147,4
DA:150,2
DA:151,0
DA:154,2
LF:80
LH:78
BRDA:24,0,0,1
BRDA:24,0,1,1
BRDA:44,1,0,0
BRDA:44,1,1,4
BRDA:50,2,0,2
BRDA:50,2,1,2
BRDA:58,3,0,3
BRDA:58,3,1,2
BRDA:60,4,0,1
BRDA:60,4,1,2
BRDA:75,5,0,1
BRDA:75,5,1,2
BRDA:76,6,0,1
BRDA:76,6,1,2
BRDA:96,7,0,0
BRDA:96,7,1,4
BRDA:100,8,0,1
BRDA:100,8,1,3
BRDA:101,9,0,0
BRDA:101,9,1,4
BRDA:102,10,0,0
BRDA:102,10,1,4
BRDA:103,11,0,0
BRDA:103,11,1,4
BRDA:104,12,0,3
BRDA:104,12,1,1
BRDA:108,13,0,2
BRDA:108,13,1,2
BRDA:115,14,0,3
BRDA:115,14,1,3
BRDA:117,15,0,2
BRDA:117,15,1,1
BRDA:131,16,0,2
BRDA:131,16,1,1
BRDA:132,17,0,2
BRDA:132,17,1,1
BRF:36
BRH:31
end_of_record
TN:
SF:services\media-count-service.js
FN:12,getTotalMediaCount
FN:20,(anonymous_1)
FN:22,(anonymous_2)
FN:27,(anonymous_3)
FN:29,(anonymous_4)
FN:34,(anonymous_5)
FN:36,(anonymous_6)
FNF:7
FNH:7
FNDA:11,getTotalMediaCount
FNDA:5,(anonymous_1)
FNDA:8,(anonymous_2)
FNDA:7,(anonymous_3)
FNDA:5,(anonymous_4)
FNDA:6,(anonymous_5)
FNDA:5,(anonymous_6)
DA:10,11
DA:13,11
DA:14,5
DA:18,4
DA:20,5
DA:22,8
DA:25,4
DA:27,7
DA:29,5
DA:32,4
DA:34,6
DA:36,5
DA:39,4
DA:42,11
LF:14
LH:14
BRDA:14,0,0,1
BRDA:14,0,1,4
BRDA:19,1,0,4
BRDA:19,1,1,0
BRDA:26,2,0,4
BRDA:26,2,1,0
BRDA:33,3,0,4
BRDA:33,3,1,0
BRF:8
BRH:5
end_of_record
TN:
SF:services\movie-service.js
FN:8,saveMovie
FN:17,getMovieById
FN:24,getMoviesByIds
FN:29,addMovieToShelf
FN:41,(anonymous_4)
FN:67,getUserShelf
FN:77,(anonymous_6)
FN:84,getAllUserShelves
FN:88,(anonymous_8)
FN:89,(anonymous_9)
FN:102,removeMovieFromShelf
FN:114,(anonymous_11)
FN:119,(anonymous_12)
FNF:13
FNH:13
FNDA:2,saveMovie
FNDA:2,getMovieById
FNDA:10,getMoviesByIds
FNDA:4,addMovieToShelf
FNDA:1,(anonymous_4)
FNDA:4,getUserShelf
FNDA:1,(anonymous_6)
FNDA:3,getAllUserShelves
FNDA:8,(anonymous_8)
FNDA:10,(anonymous_9)
FNDA:5,removeMovieFromShelf
FNDA:2,(anonymous_11)
FNDA:1,(anonymous_12)
DA:2,4
DA:3,4
DA:4,4
DA:5,4
DA:9,2
DA:10,2
DA:12,1
DA:13,1
DA:18,2
DA:19,2
DA:20,1
DA:25,10
DA:30,4
DA:32,4
DA:33,1
DA:38,3
DA:39,3
DA:41,2
DA:43,2
DA:44,1
DA:45,1
DA:48,2
DA:50,2
DA:51,2
DA:52,2
DA:55,2
DA:56,2
DA:57,0
DA:59,2
DA:63,2
DA:68,4
DA:70,4
DA:71,1
DA:74,3
DA:75,3
DA:77,2
DA:78,2
DA:80,1
DA:85,3
DA:86,3
DA:88,2
DA:89,10
DA:90,8
DA:93,2
DA:103,5
DA:105,5
DA:106,1
DA:111,4
DA:112,4
DA:114,3
DA:115,3
DA:117,2
DA:118,2
DA:119,1
DA:122,2
DA:123,1
DA:126,1
DA:127,1
DA:130,4
LF:59
LH:58
BRDA:10,0,0,1
BRDA:10,0,1,1
BRDA:19,1,0,1
BRDA:19,1,1,1
BRDA:32,2,0,1
BRDA:32,2,1,3
BRDA:39,3,0,1
BRDA:39,3,1,2
BRDA:43,4,0,1
BRDA:43,4,1,1
BRDA:50,5,0,2
BRDA:50,5,1,0
BRDA:70,6,0,1
BRDA:70,6,1,3
BRDA:75,7,0,1
BRDA:75,7,1,2
BRDA:78,8,0,1
BRDA:78,8,1,1
BRDA:86,9,0,1
BRDA:86,9,1,2
BRDA:90,10,0,8
BRDA:90,10,1,4
BRDA:105,11,0,1
BRDA:105,11,1,4
BRDA:112,12,0,1
BRDA:112,12,1,3
BRDA:115,13,0,1
BRDA:115,13,1,2
BRDA:122,14,0,1
BRDA:122,14,1,1
BRF:30
BRH:29
end_of_record
TN:
SF:services\music-service.js
FN:8,saveTrack
FN:17,getTrackById
FN:24,getTracksByIds
FN:29,addTrackToShelf
FN:41,(anonymous_4)
FN:67,getUserShelf
FN:77,(anonymous_6)
FN:84,getAllUserShelves
FN:88,(anonymous_8)
FN:89,(anonymous_9)
FN:102,removeTrackFromShelf
FN:114,(anonymous_11)
FN:119,(anonymous_12)
FNF:13
FNH:13
FNDA:2,saveTrack
FNDA:2,getTrackById
FNDA:10,getTracksByIds
FNDA:4,addTrackToShelf
FNDA:1,(anonymous_4)
FNDA:4,getUserShelf
FNDA:1,(anonymous_6)
FNDA:3,getAllUserShelves
FNDA:8,(anonymous_8)
FNDA:10,(anonymous_9)
FNDA:5,removeTrackFromShelf
FNDA:2,(anonymous_11)
FNDA:1,(anonymous_12)
DA:2,3
DA:3,3
DA:4,3
DA:5,3
DA:9,2
DA:10,2
DA:12,1
DA:13,1
DA:18,2
DA:19,2
DA:20,1
DA:25,10
DA:30,4
DA:32,4
DA:33,1
DA:38,3
DA:39,3
DA:41,2
DA:43,2
DA:44,1
DA:45,1
DA:48,2
DA:50,2
DA:51,2
DA:52,2
DA:55,2
DA:56,2
DA:57,0
DA:59,2
DA:63,2
DA:68,4
DA:70,4
DA:71,1
DA:74,3
DA:75,3
DA:77,2
DA:78,2
DA:80,1
DA:85,3
DA:86,3
DA:88,2
DA:89,10
DA:90,8
DA:93,2
DA:103,5
DA:105,5
DA:106,1
DA:111,4
DA:112,4
DA:114,3
DA:115,3
DA:117,2
DA:118,2
DA:119,1
DA:122,2
DA:123,1
DA:126,1
DA:127,1
DA:130,3
LF:59
LH:58
BRDA:10,0,0,1
BRDA:10,0,1,1
BRDA:19,1,0,1
BRDA:19,1,1,1
BRDA:32,2,0,1
BRDA:32,2,1,3
BRDA:39,3,0,1
BRDA:39,3,1,2
BRDA:43,4,0,1
BRDA:43,4,1,1
BRDA:50,5,0,2
BRDA:50,5,1,0
BRDA:70,6,0,1
BRDA:70,6,1,3
BRDA:75,7,0,1
BRDA:75,7,1,2
BRDA:78,8,0,1
BRDA:78,8,1,1
BRDA:86,9,0,1
BRDA:86,9,1,2
BRDA:90,10,0,8
BRDA:90,10,1,4
BRDA:105,11,0,1
BRDA:105,11,1,4
BRDA:112,12,0,1
BRDA:112,12,1,3
BRDA:115,13,0,1
BRDA:115,13,1,2
BRDA:122,14,0,1
BRDA:122,14,1,1
BRF:30
BRH:29
end_of_record
TN:
SF:services\password-reset-service.js
FN:7,(anonymous_0)
FN:38,(anonymous_1)
FNF:2
FNH:2
FNDA:2,(anonymous_0)
FNDA:5,(anonymous_1)
DA:1,2
DA:2,2
DA:4,2
DA:5,2
DA:7,2
DA:8,2
DA:11,2
DA:12,1
DA:16,1
DA:19,1
DA:25,1
DA:26,1
DA:27,1
DA:30,1
DA:35,1
DA:38,2
DA:43,5
DA:44,1
DA:47,4
DA:48,1
DA:51,3
DA:52,1
DA:56,2
DA:58,2
DA:63,2
DA:64,1
DA:67,1
DA:69,1
DA:70,1
DA:71,1
DA:73,1
DA:75,1
LF:32
LH:32
BRDA:11,0,0,1
BRDA:11,0,1,1
BRDA:43,1,0,1
BRDA:43,1,1,4
BRDA:43,2,0,5
BRDA:43,2,1,4
BRDA:47,3,0,1
BRDA:47,3,1,3
BRDA:51,4,0,1
BRDA:51,4,1,2
BRDA:63,5,0,1
BRDA:63,5,1,1
BRF:12
BRH:12
end_of_record
TN:
SF:services\recommendations-service.js
FN:8,__setClientForTest
FN:12,getClient
FN:22,getRecommendations
FNF:3
FNH:3
FNDA:8,__setClientForTest
FNDA:4,getClient
FNDA:4,getRecommendations
DA:2,2
DA:3,2
DA:9,8
DA:13,4
DA:14,0
DA:18,0
DA:23,4
DA:24,4
DA:52,3
DA:54,3
DA:55,1
DA:56,1
DA:60,2
DA:66,2
DA:67,2
DA:70,1
DA:71,1
DA:72,0
DA:73,0
DA:75,0
DA:76,0
DA:81,2
DA:83,1
DA:84,1
DA:88,2
LF:25
LH:19
BRDA:13,0,0,4
BRDA:13,0,1,0
BRDA:25,1,0,4
BRDA:25,1,1,4
BRDA:54,2,0,1
BRDA:54,2,1,2
BRDA:71,3,0,0
BRDA:71,3,1,1
BRDA:81,4,0,2
BRDA:81,4,1,1
BRF:10
BRH:8
end_of_record
TN:
SF:services\reflection-service.js
FN:8,createReflection
FN:50,getUserReflections
FN:55,getReflectionsByItem
FN:62,getReflectionById
FN:69,updateReflection
FN:78,removeReflection
FNF:6
FNH:6
FNDA:1,createReflection
FNDA:1,getUserReflections
FNDA:1,getReflectionsByItem
FNDA:2,getReflectionById
FNDA:2,updateReflection
FNDA:2,removeReflection
DA:2,2
DA:3,2
DA:4,2
DA:5,2
DA:9,1
DA:12,1
DA:13,1
DA:15,1
DA:20,1
DA:25,1
DA:28,1
DA:35,0
DA:36,0
DA:38,1
DA:42,1
DA:43,1
DA:46,1
DA:51,1
DA:56,1
DA:63,2
DA:64,2
DA:65,1
DA:70,2
DA:71,2
DA:73,1
DA:74,1
DA:79,2
DA:80,2
DA:81,1
DA:84,2
LF:30
LH:28
BRDA:30,0,0,0
BRDA:30,0,1,1
BRDA:64,1,0,1
BRDA:64,1,1,1
BRDA:71,2,0,1
BRDA:71,2,1,1
BRDA:80,3,0,1
BRDA:80,3,1,1
BRF:8
BRH:7
end_of_record
TN:
SF:services\streak-service.js
FN:8,toUTCDay
FN:14,dayDiff
FN:21,recordActivity
FN:96,getStreak
FN:125,resetStreak
FNF:5
FNH:5
FNDA:22,toUTCDay
FNDA:8,dayDiff
FNDA:6,recordActivity
FNDA:4,getStreak
FNDA:1,resetStreak
DA:2,5
DA:3,5
DA:4,5
DA:9,22
DA:10,22
DA:11,22
DA:15,8
DA:16,8
DA:22,6
DA:24,6
DA:26,6
DA:27,1
DA:35,1
DA:36,1
DA:38,1
DA:41,5
DA:43,5
DA:45,1
DA:48,4
DA:50,4
DA:51,2
DA:52,2
DA:53,2
DA:54,1
DA:55,1
DA:57,2
DA:58,1
DA:59,1
DA:60,1
DA:61,1
DA:62,0
DA:66,1
DA:67,1
DA:70,4
DA:71,4
DA:72,4
DA:74,4
DA:81,4
DA:82,4
DA:83,4
DA:84,4
DA:85,0
DA:86,4
DA:88,1
DA:91,4
DA:97,4
DA:98,4
DA:99,1
DA:108,3
DA:112,3
DA:113,1
DA:114,1
DA:115,2
DA:116,1
DA:117,1
DA:120,3
DA:126,1
DA:127,1
DA:130,5
LF:59
LH:57
BRDA:26,0,0,1
BRDA:26,0,1,5
BRDA:43,1,0,1
BRDA:43,1,1,4
BRDA:50,2,0,2
BRDA:50,2,1,2
BRDA:53,3,0,1
BRDA:53,3,1,1
BRDA:57,4,0,1
BRDA:57,4,1,1
BRDA:57,5,0,2
BRDA:57,5,1,1
BRDA:61,6,0,0
BRDA:61,6,1,1
BRDA:83,7,0,1
BRDA:83,7,1,3
BRDA:84,8,0,0
BRDA:84,8,1,4
BRDA:86,9,0,1
BRDA:86,9,1,3
BRDA:98,10,0,1
BRDA:98,10,1,3
BRDA:108,11,0,3
BRDA:108,11,1,0
BRDA:112,12,0,1
BRDA:112,12,1,2
BRDA:112,13,0,3
BRDA:112,13,1,2
BRDA:112,13,2,1
BRDA:115,14,0,1
BRDA:115,14,1,1
BRDA:115,15,0,2
BRDA:115,15,1,1
BRF:33
BRH:30
end_of_record
TN:
SF:services\user-service.js
FN:12,(anonymous_0)
FN:59,(anonymous_1)
FN:78,(anonymous_2)
FN:96,(anonymous_3)
FN:115,(anonymous_4)
FN:141,(anonymous_5)
FN:202,(anonymous_6)
FN:208,(anonymous_7)
FN:220,(anonymous_8)
FN:229,(anonymous_9)
FN:236,(anonymous_10)
FNF:11
FNH:6
FNDA:5,(anonymous_0)
FNDA:2,(anonymous_1)
FNDA:4,(anonymous_2)
FNDA:2,(anonymous_3)
FNDA:6,(anonymous_4)
FNDA:10,(anonymous_5)
FNDA:0,(anonymous_6)
FNDA:0,(anonymous_7)
FNDA:0,(anonymous_8)
FNDA:0,(anonymous_9)
FNDA:0,(anonymous_10)
DA:1,13
DA:2,13
DA:3,13
DA:4,13
DA:5,13
DA:6,13
DA:7,13
DA:12,13
DA:13,5
DA:14,1
DA:16,4
DA:17,1
DA:20,3
DA:22,3
DA:23,3
DA:25,3
DA:27,3
DA:35,3
DA:36,3
DA:38,1
DA:39,0
DA:43,2
DA:44,2
DA:46,1
DA:49,2
DA:59,13
DA:60,2
DA:65,2
DA:67,1
DA:68,1
DA:69,1
DA:71,1
DA:72,1
DA:78,13
DA:79,4
DA:81,4
DA:82,3
DA:84,2
DA:85,2
DA:87,1
DA:88,1
DA:90,1
DA:96,13
DA:97,2
DA:98,2
DA:100,1
DA:101,1
DA:103,1
DA:104,1
DA:105,1
DA:107,0
DA:108,0
DA:110,0
DA:115,13
DA:116,6
DA:117,6
DA:120,5
DA:121,3
DA:123,3
DA:127,5
DA:128,2
DA:131,5
DA:133,5
DA:141,13
DA:146,10
DA:147,1
DA:150,9
DA:151,9
DA:154,8
DA:155,8
DA:160,7
DA:161,1
DA:165,6
DA:166,1
DA:170,5
DA:171,1
DA:175,4
DA:176,1
DA:180,3
DA:181,1
DA:187,2
DA:188,2
DA:189,1
DA:193,1
DA:194,1
DA:196,1
DA:198,1
DA:202,13
DA:203,0
DA:204,0
DA:208,13
DA:209,0
DA:212,0
DA:213,0
DA:220,13
DA:221,0
DA:222,0
DA:223,0
DA:229,13
DA:230,0
DA:231,0
DA:232,0
DA:236,13
DA:237,0
DA:238,0
DA:240,0
LF:106
LH:88
BRDA:13,0,0,1
BRDA:13,0,1,4
BRDA:13,1,0,5
BRDA:13,1,1,4
BRDA:16,2,0,1
BRDA:16,2,1,3
BRDA:23,3,0,0
BRDA:23,3,1,3
BRDA:38,4,0,1
BRDA:38,4,1,0
BRDA:65,5,0,1
BRDA:65,5,1,1
BRDA:81,6,0,1
BRDA:81,6,1,3
BRDA:82,7,0,1
BRDA:82,7,1,2
BRDA:85,8,0,1
BRDA:85,8,1,1
BRDA:98,9,0,1
BRDA:98,9,1,1
BRDA:101,10,0,1
BRDA:101,10,1,0
BRDA:107,11,0,0
BRDA:107,11,1,0
BRDA:117,12,0,1
BRDA:117,12,1,5
BRDA:120,13,0,3
BRDA:120,13,1,2
BRDA:127,14,0,2
BRDA:127,14,1,3
BRDA:146,15,0,1
BRDA:146,15,1,9
BRDA:146,16,0,10
BRDA:146,16,1,9
BRDA:151,17,0,1
BRDA:151,17,1,8
BRDA:155,18,0,1
BRDA:155,18,1,7
BRDA:160,19,0,1
BRDA:160,19,1,6
BRDA:165,20,0,1
BRDA:165,20,1,5
BRDA:170,21,0,1
BRDA:170,21,1,4
BRDA:175,22,0,1
BRDA:175,22,1,3
BRDA:180,23,0,1
BRDA:180,23,1,2
BRDA:188,24,0,1
BRDA:188,24,1,1
BRDA:212,25,0,0
BRDA:212,25,1,0
BRDA:214,26,0,0
BRDA:214,26,1,0
BRDA:215,27,0,0
BRDA:215,27,1,0
BRDA:222,28,0,0
BRDA:222,28,1,0
BRDA:223,29,0,0
BRDA:223,29,1,0
BRDA:230,30,0,0
BRDA:230,30,1,0
BRDA:230,31,0,0
BRDA:230,31,1,0
BRDA:238,32,0,0
BRDA:238,32,1,0
BRF:66
BRH:45
end_of_record
TN:
SF:services\yarn-service.js
FN:19,_addYarns
FN:37,onReflectionWritten
FN:41,onGoalProgressUpdated
FN:45,onGoalCompleted
FN:51,onStreakMilestone
FN:56,onBadgeEarned
FN:65,spendYarns
FN:79,getYarns
FNF:8
FNH:8
FNDA:8,_addYarns
FNDA:2,onReflectionWritten
FNDA:1,onGoalProgressUpdated
FNDA:1,onGoalCompleted
FNDA:2,onStreakMilestone
FNDA:3,onBadgeEarned
FNDA:4,spendYarns
FNDA:2,getYarns
DA:2,33
DA:6,33
DA:20,8
DA:22,8
DA:38,2
DA:42,1
DA:48,1
DA:53,2
DA:58,3
DA:59,2
DA:66,4
DA:68,3
DA:69,3
DA:70,2
DA:73,1
DA:74,1
DA:80,2
DA:81,2
DA:82,1
DA:87,33
LF:20
LH:20
BRDA:20,0,0,0
BRDA:20,0,1,8
BRDA:20,1,0,8
BRDA:20,1,1,8
BRDA:58,2,0,1
BRDA:58,2,1,2
BRDA:58,3,0,3
BRDA:58,3,1,2
BRDA:66,4,0,1
BRDA:66,4,1,3
BRDA:66,5,0,4
BRDA:66,5,1,3
BRDA:69,6,0,2
BRDA:69,6,1,1
BRDA:69,7,0,3
BRDA:69,7,1,2
BRDA:81,8,0,1
BRDA:81,8,1,1
BRF:18
BRH:17
end_of_record
